2026-06-16 17:31:11 info: Server is running on port 3000 in development mode
2026-06-16 17:31:12 error: MongoServerError: bad auth : Authentication failed.
    at Connection.sendCommand (D:\sunrise_connect\sunrise-connect\backend\node_modules\mongodb\lib\cmap\connection.js:320:27)
    at process.processTicksAndRejections (node:internal/process/task_queues:105:5)
    at async Connection.command (D:\sunrise_connect\sunrise-connect\backend\node_modules\mongodb\lib\cmap\connection.js:347:26)
    at async executeScram (D:\sunrise_connect\sunrise-connect\backend\node_modules\mongodb\lib\cmap\auth\scram.js:78:22)
    at async ScramSHA256.auth (D:\sunrise_connect\sunrise-connect\backend\node_modules\mongodb\lib\cmap\auth\scram.js:38:16)
    at async performInitialHandshake (D:\sunrise_connect\sunrise-connect\backend\node_modules\mongodb\lib\cmap\connect.js:110:13)
    at async connect (D:\sunrise_connect\sunrise-connect\backend\node_modules\mongodb\lib\cmap\connect.js:28:9)
2026-06-16 17:41:59 info: Server is running on port 3000 in development mode
2026-06-16 17:42:00 info: MongoDB connected
2026-06-16 17:53:34 info: Server is running on port 3000 in development mode
2026-06-16 17:53:34 info: MongoDB connected
2026-06-16 17:55:57 info: Server is running on port 3000 in development mode
2026-06-16 17:55:58 info: MongoDB connected
2026-06-16 17:56:10 info: Server is running on port 3000 in development mode
2026-06-16 17:56:11 info: MongoDB connected
2026-06-16 17:56:47 info: Server is running on port 3000 in development mode
2026-06-16 17:56:47 info: MongoDB connected
2026-06-16 17:56:58 info: Server is running on port 3000 in development mode
2026-06-16 17:56:58 info: MongoDB connected
2026-06-16 20:23:59 info: Server is running on port 3000 in development mode
2026-06-16 20:24:00 info: MongoDB connected
2026-06-16 20:24:34 info: Server is running on port 3000 in development mode
2026-06-16 20:24:35 info: MongoDB connected
2026-06-16 20:25:25 info: GET /
2026-06-16 20:25:25 error: Error: Cannot find / on this server
    at file:///D:/sunrise_connect/sunrise-connect/backend/src/app.js:52:8
    at Layer.handleRequest (D:\sunrise_connect\sunrise-connect\backend\node_modules\router\lib\layer.js:152:17)
    at next (D:\sunrise_connect\sunrise-connect\backend\node_modules\router\lib\route.js:157:13)
    at Route.dispatch (D:\sunrise_connect\sunrise-connect\backend\node_modules\router\lib\route.js:117:3)
    at handle (D:\sunrise_connect\sunrise-connect\backend\node_modules\router\index.js:435:11)
    at Layer.handleRequest (D:\sunrise_connect\sunrise-connect\backend\node_modules\router\lib\layer.js:152:17)
    at D:\sunrise_connect\sunrise-connect\backend\node_modules\router\index.js:295:15
    at processParams (D:\sunrise_connect\sunrise-connect\backend\node_modules\router\index.js:582:12)
    at next (D:\sunrise_connect\sunrise-connect\backend\node_modules\router\index.js:291:5)
    at file:///D:/sunrise_connect/sunrise-connect/backend/src/app.js:31:3
2026-06-16 20:25:25 info: GET /favicon.ico
2026-06-16 20:25:25 error: Error: Cannot find /favicon.ico on this server
    at file:///D:/sunrise_connect/sunrise-connect/backend/src/app.js:52:8
    at Layer.handleRequest (D:\sunrise_connect\sunrise-connect\backend\node_modules\router\lib\layer.js:152:17)
    at next (D:\sunrise_connect\sunrise-connect\backend\node_modules\router\lib\route.js:157:13)
    at Route.dispatch (D:\sunrise_connect\sunrise-connect\backend\node_modules\router\lib\route.js:117:3)
    at handle (D:\sunrise_connect\sunrise-connect\backend\node_modules\router\index.js:435:11)
    at Layer.handleRequest (D:\sunrise_connect\sunrise-connect\backend\node_modules\router\lib\layer.js:152:17)
    at D:\sunrise_connect\sunrise-connect\backend\node_modules\router\index.js:295:15
    at param (D:\sunrise_connect\sunrise-connect\backend\node_modules\router\index.js:600:14)
    at param (D:\sunrise_connect\sunrise-connect\backend\node_modules\router\index.js:610:14)
    at processParams (D:\sunrise_connect\sunrise-connect\backend\node_modules\router\index.js:664:3)
2026-06-16 20:26:11 info: GET /students
2026-06-16 20:26:11 error: Error: Cannot find /students on this server
    at file:///D:/sunrise_connect/sunrise-connect/backend/src/app.js:52:8
    at Layer.handleRequest (D:\sunrise_connect\sunrise-connect\backend\node_modules\router\lib\layer.js:152:17)
    at next (D:\sunrise_connect\sunrise-connect\backend\node_modules\router\lib\route.js:157:13)
    at Route.dispatch (D:\sunrise_connect\sunrise-connect\backend\node_modules\router\lib\route.js:117:3)
    at handle (D:\sunrise_connect\sunrise-connect\backend\node_modules\router\index.js:435:11)
    at Layer.handleRequest (D:\sunrise_connect\sunrise-connect\backend\node_modules\router\lib\layer.js:152:17)
    at D:\sunrise_connect\sunrise-connect\backend\node_modules\router\index.js:295:15
    at param (D:\sunrise_connect\sunrise-connect\backend\node_modules\router\index.js:600:14)
    at param (D:\sunrise_connect\sunrise-connect\backend\node_modules\router\index.js:610:14)
    at processParams (D:\sunrise_connect\sunrise-connect\backend\node_modules\router\index.js:664:3)
2026-06-16 20:29:14 info: GET /api/v1/students
2026-06-16 20:29:14 error: Error: Missing or malformed Authorization header
    at authenticate (file:///D:/sunrise_connect/sunrise-connect/backend/src/middlewares/auth.middleware.js:10:17)
    at Layer.handleRequest (D:\sunrise_connect\sunrise-connect\backend\node_modules\router\lib\layer.js:152:17)
    at trimPrefix (D:\sunrise_connect\sunrise-connect\backend\node_modules\router\index.js:342:13)
    at D:\sunrise_connect\sunrise-connect\backend\node_modules\router\index.js:297:9
    at processParams (D:\sunrise_connect\sunrise-connect\backend\node_modules\router\index.js:582:12)
    at next (D:\sunrise_connect\sunrise-connect\backend\node_modules\router\index.js:291:5)
    at Function.handle (D:\sunrise_connect\sunrise-connect\backend\node_modules\router\index.js:186:3)
    at router (D:\sunrise_connect\sunrise-connect\backend\node_modules\router\index.js:60:12)
    at Layer.handleRequest (D:\sunrise_connect\sunrise-connect\backend\node_modules\router\lib\layer.js:152:17)
    at trimPrefix (D:\sunrise_connect\sunrise-connect\backend\node_modules\router\index.js:342:13)
2026-06-16 20:29:14 info: GET /api/v1/ledgers
2026-06-16 20:29:14 error: Error: Missing or malformed Authorization header
    at authenticate (file:///D:/sunrise_connect/sunrise-connect/backend/src/middlewares/auth.middleware.js:10:17)
    at Layer.handleRequest (D:\sunrise_connect\sunrise-connect\backend\node_modules\router\lib\layer.js:152:17)
    at trimPrefix (D:\sunrise_connect\sunrise-connect\backend\node_modules\router\index.js:342:13)
    at D:\sunrise_connect\sunrise-connect\backend\node_modules\router\index.js:297:9
    at processParams (D:\sunrise_connect\sunrise-connect\backend\node_modules\router\index.js:582:12)
    at next (D:\sunrise_connect\sunrise-connect\backend\node_modules\router\index.js:291:5)
    at Function.handle (D:\sunrise_connect\sunrise-connect\backend\node_modules\router\index.js:186:3)
    at router (D:\sunrise_connect\sunrise-connect\backend\node_modules\router\index.js:60:12)
    at Layer.handleRequest (D:\sunrise_connect\sunrise-connect\backend\node_modules\router\lib\layer.js:152:17)
    at trimPrefix (D:\sunrise_connect\sunrise-connect\backend\node_modules\router\index.js:342:13)
2026-06-16 20:29:14 info: GET /api/v1/payments
2026-06-16 20:29:14 error: Error: Missing or malformed Authorization header
    at authenticate (file:///D:/sunrise_connect/sunrise-connect/backend/src/middlewares/auth.middleware.js:10:17)
    at Layer.handleRequest (D:\sunrise_connect\sunrise-connect\backend\node_modules\router\lib\layer.js:152:17)
    at trimPrefix (D:\sunrise_connect\sunrise-connect\backend\node_modules\router\index.js:342:13)
    at D:\sunrise_connect\sunrise-connect\backend\node_modules\router\index.js:297:9
    at processParams (D:\sunrise_connect\sunrise-connect\backend\node_modules\router\index.js:582:12)
    at next (D:\sunrise_connect\sunrise-connect\backend\node_modules\router\index.js:291:5)
    at Function.handle (D:\sunrise_connect\sunrise-connect\backend\node_modules\router\index.js:186:3)
    at router (D:\sunrise_connect\sunrise-connect\backend\node_modules\router\index.js:60:12)
    at Layer.handleRequest (D:\sunrise_connect\sunrise-connect\backend\node_modules\router\lib\layer.js:152:17)
    at trimPrefix (D:\sunrise_connect\sunrise-connect\backend\node_modules\router\index.js:342:13)
2026-06-16 20:29:14 info: GET /api/v1/students
2026-06-16 20:29:14 error: Error: Missing or malformed Authorization header
    at authenticate (file:///D:/sunrise_connect/sunrise-connect/backend/src/middlewares/auth.middleware.js:10:17)
    at Layer.handleRequest (D:\sunrise_connect\sunrise-connect\backend\node_modules\router\lib\layer.js:152:17)
    at trimPrefix (D:\sunrise_connect\sunrise-connect\backend\node_modules\router\index.js:342:13)
    at D:\sunrise_connect\sunrise-connect\backend\node_modules\router\index.js:297:9
    at processParams (D:\sunrise_connect\sunrise-connect\backend\node_modules\router\index.js:582:12)
    at next (D:\sunrise_connect\sunrise-connect\backend\node_modules\router\index.js:291:5)
    at Function.handle (D:\sunrise_connect\sunrise-connect\backend\node_modules\router\index.js:186:3)
    at router (D:\sunrise_connect\sunrise-connect\backend\node_modules\router\index.js:60:12)
    at Layer.handleRequest (D:\sunrise_connect\sunrise-connect\backend\node_modules\router\lib\layer.js:152:17)
    at trimPrefix (D:\sunrise_connect\sunrise-connect\backend\node_modules\router\index.js:342:13)
2026-06-16 20:29:14 info: GET /api/v1/ledgers
2026-06-16 20:29:14 error: Error: Missing or malformed Authorization header
    at authenticate (file:///D:/sunrise_connect/sunrise-connect/backend/src/middlewares/auth.middleware.js:10:17)
    at Layer.handleRequest (D:\sunrise_connect\sunrise-connect\backend\node_modules\router\lib\layer.js:152:17)
    at trimPrefix (D:\sunrise_connect\sunrise-connect\backend\node_modules\router\index.js:342:13)
    at D:\sunrise_connect\sunrise-connect\backend\node_modules\router\index.js:297:9
    at processParams (D:\sunrise_connect\sunrise-connect\backend\node_modules\router\index.js:582:12)
    at next (D:\sunrise_connect\sunrise-connect\backend\node_modules\router\index.js:291:5)
    at Function.handle (D:\sunrise_connect\sunrise-connect\backend\node_modules\router\index.js:186:3)
    at router (D:\sunrise_connect\sunrise-connect\backend\node_modules\router\index.js:60:12)
    at Layer.handleRequest (D:\sunrise_connect\sunrise-connect\backend\node_modules\router\lib\layer.js:152:17)
    at trimPrefix (D:\sunrise_connect\sunrise-connect\backend\node_modules\router\index.js:342:13)
2026-06-16 20:29:14 info: GET /api/v1/payments
2026-06-16 20:29:14 error: Error: Missing or malformed Authorization header
    at authenticate (file:///D:/sunrise_connect/sunrise-connect/backend/src/middlewares/auth.middleware.js:10:17)
    at Layer.handleRequest (D:\sunrise_connect\sunrise-connect\backend\node_modules\router\lib\layer.js:152:17)
    at trimPrefix (D:\sunrise_connect\sunrise-connect\backend\node_modules\router\index.js:342:13)
    at D:\sunrise_connect\sunrise-connect\backend\node_modules\router\index.js:297:9
    at processParams (D:\sunrise_connect\sunrise-connect\backend\node_modules\router\index.js:582:12)
    at next (D:\sunrise_connect\sunrise-connect\backend\node_modules\router\index.js:291:5)
    at Function.handle (D:\sunrise_connect\sunrise-connect\backend\node_modules\router\index.js:186:3)
    at router (D:\sunrise_connect\sunrise-connect\backend\node_modules\router\index.js:60:12)
    at Layer.handleRequest (D:\sunrise_connect\sunrise-connect\backend\node_modules\router\lib\layer.js:152:17)
    at trimPrefix (D:\sunrise_connect\sunrise-connect\backend\node_modules\router\index.js:342:13)
2026-06-16 20:32:07 info: GET /api/v1/students
2026-06-16 20:32:07 error: Error: Missing or malformed Authorization header
    at authenticate (file:///D:/sunrise_connect/sunrise-connect/backend/src/middlewares/auth.middleware.js:10:17)
    at Layer.handleRequest (D:\sunrise_connect\sunrise-connect\backend\node_modules\router\lib\layer.js:152:17)
    at trimPrefix (D:\sunrise_connect\sunrise-connect\backend\node_modules\router\index.js:342:13)
    at D:\sunrise_connect\sunrise-connect\backend\node_modules\router\index.js:297:9
    at processParams (D:\sunrise_connect\sunrise-connect\backend\node_modules\router\index.js:582:12)
    at next (D:\sunrise_connect\sunrise-connect\backend\node_modules\router\index.js:291:5)
    at Function.handle (D:\sunrise_connect\sunrise-connect\backend\node_modules\router\index.js:186:3)
    at router (D:\sunrise_connect\sunrise-connect\backend\node_modules\router\index.js:60:12)
    at Layer.handleRequest (D:\sunrise_connect\sunrise-connect\backend\node_modules\router\lib\layer.js:152:17)
    at trimPrefix (D:\sunrise_connect\sunrise-connect\backend\node_modules\router\index.js:342:13)
2026-06-16 20:32:08 info: GET /api/v1/ledgers
2026-06-16 20:32:08 error: Error: Missing or malformed Authorization header
    at authenticate (file:///D:/sunrise_connect/sunrise-connect/backend/src/middlewares/auth.middleware.js:10:17)
    at Layer.handleRequest (D:\sunrise_connect\sunrise-connect\backend\node_modules\router\lib\layer.js:152:17)
    at trimPrefix (D:\sunrise_connect\sunrise-connect\backend\node_modules\router\index.js:342:13)
    at D:\sunrise_connect\sunrise-connect\backend\node_modules\router\index.js:297:9
    at processParams (D:\sunrise_connect\sunrise-connect\backend\node_modules\router\index.js:582:12)
    at next (D:\sunrise_connect\sunrise-connect\backend\node_modules\router\index.js:291:5)
    at Function.handle (D:\sunrise_connect\sunrise-connect\backend\node_modules\router\index.js:186:3)
    at router (D:\sunrise_connect\sunrise-connect\backend\node_modules\router\index.js:60:12)
    at Layer.handleRequest (D:\sunrise_connect\sunrise-connect\backend\node_modules\router\lib\layer.js:152:17)
    at trimPrefix (D:\sunrise_connect\sunrise-connect\backend\node_modules\router\index.js:342:13)
2026-06-16 20:32:08 info: GET /api/v1/payments
2026-06-16 20:32:08 error: Error: Missing or malformed Authorization header
    at authenticate (file:///D:/sunrise_connect/sunrise-connect/backend/src/middlewares/auth.middleware.js:10:17)
    at Layer.handleRequest (D:\sunrise_connect\sunrise-connect\backend\node_modules\router\lib\layer.js:152:17)
    at trimPrefix (D:\sunrise_connect\sunrise-connect\backend\node_modules\router\index.js:342:13)
    at D:\sunrise_connect\sunrise-connect\backend\node_modules\router\index.js:297:9
    at processParams (D:\sunrise_connect\sunrise-connect\backend\node_modules\router\index.js:582:12)
    at next (D:\sunrise_connect\sunrise-connect\backend\node_modules\router\index.js:291:5)
    at Function.handle (D:\sunrise_connect\sunrise-connect\backend\node_modules\router\index.js:186:3)
    at router (D:\sunrise_connect\sunrise-connect\backend\node_modules\router\index.js:60:12)
    at Layer.handleRequest (D:\sunrise_connect\sunrise-connect\backend\node_modules\router\lib\layer.js:152:17)
    at trimPrefix (D:\sunrise_connect\sunrise-connect\backend\node_modules\router\index.js:342:13)
2026-06-16 20:32:08 info: GET /api/v1/students
2026-06-16 20:32:08 error: Error: Missing or malformed Authorization header
    at authenticate (file:///D:/sunrise_connect/sunrise-connect/backend/src/middlewares/auth.middleware.js:10:17)
    at Layer.handleRequest (D:\sunrise_connect\sunrise-connect\backend\node_modules\router\lib\layer.js:152:17)
    at trimPrefix (D:\sunrise_connect\sunrise-connect\backend\node_modules\router\index.js:342:13)
    at D:\sunrise_connect\sunrise-connect\backend\node_modules\router\index.js:297:9
    at processParams (D:\sunrise_connect\sunrise-connect\backend\node_modules\router\index.js:582:12)
    at next (D:\sunrise_connect\sunrise-connect\backend\node_modules\router\index.js:291:5)
    at Function.handle (D:\sunrise_connect\sunrise-connect\backend\node_modules\router\index.js:186:3)
    at router (D:\sunrise_connect\sunrise-connect\backend\node_modules\router\index.js:60:12)
    at Layer.handleRequest (D:\sunrise_connect\sunrise-connect\backend\node_modules\router\lib\layer.js:152:17)
    at trimPrefix (D:\sunrise_connect\sunrise-connect\backend\node_modules\router\index.js:342:13)
2026-06-16 20:32:08 info: GET /api/v1/ledgers
2026-06-16 20:32:08 error: Error: Missing or malformed Authorization header
    at authenticate (file:///D:/sunrise_connect/sunrise-connect/backend/src/middlewares/auth.middleware.js:10:17)
    at Layer.handleRequest (D:\sunrise_connect\sunrise-connect\backend\node_modules\router\lib\layer.js:152:17)
    at trimPrefix (D:\sunrise_connect\sunrise-connect\backend\node_modules\router\index.js:342:13)
    at D:\sunrise_connect\sunrise-connect\backend\node_modules\router\index.js:297:9
    at processParams (D:\sunrise_connect\sunrise-connect\backend\node_modules\router\index.js:582:12)
    at next (D:\sunrise_connect\sunrise-connect\backend\node_modules\router\index.js:291:5)
    at Function.handle (D:\sunrise_connect\sunrise-connect\backend\node_modules\router\index.js:186:3)
    at router (D:\sunrise_connect\sunrise-connect\backend\node_modules\router\index.js:60:12)
    at Layer.handleRequest (D:\sunrise_connect\sunrise-connect\backend\node_modules\router\lib\layer.js:152:17)
    at trimPrefix (D:\sunrise_connect\sunrise-connect\backend\node_modules\router\index.js:342:13)
2026-06-16 20:32:08 info: GET /api/v1/payments
2026-06-16 20:32:08 error: Error: Missing or malformed Authorization header
    at authenticate (file:///D:/sunrise_connect/sunrise-connect/backend/src/middlewares/auth.middleware.js:10:17)
    at Layer.handleRequest (D:\sunrise_connect\sunrise-connect\backend\node_modules\router\lib\layer.js:152:17)
    at trimPrefix (D:\sunrise_connect\sunrise-connect\backend\node_modules\router\index.js:342:13)
    at D:\sunrise_connect\sunrise-connect\backend\node_modules\router\index.js:297:9
    at processParams (D:\sunrise_connect\sunrise-connect\backend\node_modules\router\index.js:582:12)
    at next (D:\sunrise_connect\sunrise-connect\backend\node_modules\router\index.js:291:5)
    at Function.handle (D:\sunrise_connect\sunrise-connect\backend\node_modules\router\index.js:186:3)
    at router (D:\sunrise_connect\sunrise-connect\backend\node_modules\router\index.js:60:12)
    at Layer.handleRequest (D:\sunrise_connect\sunrise-connect\backend\node_modules\router\lib\layer.js:152:17)
    at trimPrefix (D:\sunrise_connect\sunrise-connect\backend\node_modules\router\index.js:342:13)
2026-06-16 20:32:27 info: Server is running on port 3000 in development mode
2026-06-16 20:32:29 info: MongoDB connected
2026-06-16 20:32:36 info: GET /api/v1/students
2026-06-16 20:32:36 error: Error: Missing or malformed Authorization header
    at authenticate (file:///D:/sunrise_connect/sunrise-connect/backend/src/middlewares/auth.middleware.js:10:17)
    at Layer.handleRequest (D:\sunrise_connect\sunrise-connect\backend\node_modules\router\lib\layer.js:152:17)
    at trimPrefix (D:\sunrise_connect\sunrise-connect\backend\node_modules\router\index.js:342:13)
    at D:\sunrise_connect\sunrise-connect\backend\node_modules\router\index.js:297:9
    at processParams (D:\sunrise_connect\sunrise-connect\backend\node_modules\router\index.js:582:12)
    at next (D:\sunrise_connect\sunrise-connect\backend\node_modules\router\index.js:291:5)
    at Function.handle (D:\sunrise_connect\sunrise-connect\backend\node_modules\router\index.js:186:3)
    at router (D:\sunrise_connect\sunrise-connect\backend\node_modules\router\index.js:60:12)
    at Layer.handleRequest (D:\sunrise_connect\sunrise-connect\backend\node_modules\router\lib\layer.js:152:17)
    at trimPrefix (D:\sunrise_connect\sunrise-connect\backend\node_modules\router\index.js:342:13)
2026-06-16 20:32:36 info: GET /api/v1/ledgers
2026-06-16 20:32:36 error: Error: Missing or malformed Authorization header
    at authenticate (file:///D:/sunrise_connect/sunrise-connect/backend/src/middlewares/auth.middleware.js:10:17)
    at Layer.handleRequest (D:\sunrise_connect\sunrise-connect\backend\node_modules\router\lib\layer.js:152:17)
    at trimPrefix (D:\sunrise_connect\sunrise-connect\backend\node_modules\router\index.js:342:13)
    at D:\sunrise_connect\sunrise-connect\backend\node_modules\router\index.js:297:9
    at processParams (D:\sunrise_connect\sunrise-connect\backend\node_modules\router\index.js:582:12)
    at next (D:\sunrise_connect\sunrise-connect\backend\node_modules\router\index.js:291:5)
    at Function.handle (D:\sunrise_connect\sunrise-connect\backend\node_modules\router\index.js:186:3)
    at router (D:\sunrise_connect\sunrise-connect\backend\node_modules\router\index.js:60:12)
    at Layer.handleRequest (D:\sunrise_connect\sunrise-connect\backend\node_modules\router\lib\layer.js:152:17)
    at trimPrefix (D:\sunrise_connect\sunrise-connect\backend\node_modules\router\index.js:342:13)
2026-06-16 20:32:36 info: GET /api/v1/payments
2026-06-16 20:32:36 error: Error: Missing or malformed Authorization header
    at authenticate (file:///D:/sunrise_connect/sunrise-connect/backend/src/middlewares/auth.middleware.js:10:17)
    at Layer.handleRequest (D:\sunrise_connect\sunrise-connect\backend\node_modules\router\lib\layer.js:152:17)
    at trimPrefix (D:\sunrise_connect\sunrise-connect\backend\node_modules\router\index.js:342:13)
    at D:\sunrise_connect\sunrise-connect\backend\node_modules\router\index.js:297:9
    at processParams (D:\sunrise_connect\sunrise-connect\backend\node_modules\router\index.js:582:12)
    at next (D:\sunrise_connect\sunrise-connect\backend\node_modules\router\index.js:291:5)
    at Function.handle (D:\sunrise_connect\sunrise-connect\backend\node_modules\router\index.js:186:3)
    at router (D:\sunrise_connect\sunrise-connect\backend\node_modules\router\index.js:60:12)
    at Layer.handleRequest (D:\sunrise_connect\sunrise-connect\backend\node_modules\router\lib\layer.js:152:17)
    at trimPrefix (D:\sunrise_connect\sunrise-connect\backend\node_modules\router\index.js:342:13)
2026-06-16 20:32:36 info: GET /api/v1/students
2026-06-16 20:32:36 error: Error: Missing or malformed Authorization header
    at authenticate (file:///D:/sunrise_connect/sunrise-connect/backend/src/middlewares/auth.middleware.js:10:17)
    at Layer.handleRequest (D:\sunrise_connect\sunrise-connect\backend\node_modules\router\lib\layer.js:152:17)
    at trimPrefix (D:\sunrise_connect\sunrise-connect\backend\node_modules\router\index.js:342:13)
    at D:\sunrise_connect\sunrise-connect\backend\node_modules\router\index.js:297:9
    at processParams (D:\sunrise_connect\sunrise-connect\backend\node_modules\router\index.js:582:12)
    at next (D:\sunrise_connect\sunrise-connect\backend\node_modules\router\index.js:291:5)
    at Function.handle (D:\sunrise_connect\sunrise-connect\backend\node_modules\router\index.js:186:3)
    at router (D:\sunrise_connect\sunrise-connect\backend\node_modules\router\index.js:60:12)
    at Layer.handleRequest (D:\sunrise_connect\sunrise-connect\backend\node_modules\router\lib\layer.js:152:17)
    at trimPrefix (D:\sunrise_connect\sunrise-connect\backend\node_modules\router\index.js:342:13)
2026-06-16 20:32:36 info: GET /api/v1/ledgers
2026-06-16 20:32:36 error: Error: Missing or malformed Authorization header
    at authenticate (file:///D:/sunrise_connect/sunrise-connect/backend/src/middlewares/auth.middleware.js:10:17)
    at Layer.handleRequest (D:\sunrise_connect\sunrise-connect\backend\node_modules\router\lib\layer.js:152:17)
    at trimPrefix (D:\sunrise_connect\sunrise-connect\backend\node_modules\router\index.js:342:13)
    at D:\sunrise_connect\sunrise-connect\backend\node_modules\router\index.js:297:9
    at processParams (D:\sunrise_connect\sunrise-connect\backend\node_modules\router\index.js:582:12)
    at next (D:\sunrise_connect\sunrise-connect\backend\node_modules\router\index.js:291:5)
    at Function.handle (D:\sunrise_connect\sunrise-connect\backend\node_modules\router\index.js:186:3)
    at router (D:\sunrise_connect\sunrise-connect\backend\node_modules\router\index.js:60:12)
    at Layer.handleRequest (D:\sunrise_connect\sunrise-connect\backend\node_modules\router\lib\layer.js:152:17)
    at trimPrefix (D:\sunrise_connect\sunrise-connect\backend\node_modules\router\index.js:342:13)
2026-06-16 20:32:36 info: GET /api/v1/payments
2026-06-16 20:32:36 error: Error: Missing or malformed Authorization header
    at authenticate (file:///D:/sunrise_connect/sunrise-connect/backend/src/middlewares/auth.middleware.js:10:17)
    at Layer.handleRequest (D:\sunrise_connect\sunrise-connect\backend\node_modules\router\lib\layer.js:152:17)
    at trimPrefix (D:\sunrise_connect\sunrise-connect\backend\node_modules\router\index.js:342:13)
    at D:\sunrise_connect\sunrise-connect\backend\node_modules\router\index.js:297:9
    at processParams (D:\sunrise_connect\sunrise-connect\backend\node_modules\router\index.js:582:12)
    at next (D:\sunrise_connect\sunrise-connect\backend\node_modules\router\index.js:291:5)
    at Function.handle (D:\sunrise_connect\sunrise-connect\backend\node_modules\router\index.js:186:3)
    at router (D:\sunrise_connect\sunrise-connect\backend\node_modules\router\index.js:60:12)
    at Layer.handleRequest (D:\sunrise_connect\sunrise-connect\backend\node_modules\router\lib\layer.js:152:17)
    at trimPrefix (D:\sunrise_connect\sunrise-connect\backend\node_modules\router\index.js:342:13)
2026-06-16 20:33:49 info: Server is running on port 3000 in development mode
2026-06-16 20:33:51 info: MongoDB connected
2026-06-16 20:34:30 info: GET /api/v1/students
2026-06-16 20:34:30 error: Error: Missing or malformed Authorization header
    at authenticate (file:///D:/sunrise_connect/sunrise-connect/backend/src/middlewares/auth.middleware.js:10:17)
    at Layer.handleRequest (D:\sunrise_connect\sunrise-connect\backend\node_modules\router\lib\layer.js:152:17)
    at trimPrefix (D:\sunrise_connect\sunrise-connect\backend\node_modules\router\index.js:342:13)
    at D:\sunrise_connect\sunrise-connect\backend\node_modules\router\index.js:297:9
    at processParams (D:\sunrise_connect\sunrise-connect\backend\node_modules\router\index.js:582:12)
    at next (D:\sunrise_connect\sunrise-connect\backend\node_modules\router\index.js:291:5)
    at Function.handle (D:\sunrise_connect\sunrise-connect\backend\node_modules\router\index.js:186:3)
    at router (D:\sunrise_connect\sunrise-connect\backend\node_modules\router\index.js:60:12)
    at Layer.handleRequest (D:\sunrise_connect\sunrise-connect\backend\node_modules\router\lib\layer.js:152:17)
    at trimPrefix (D:\sunrise_connect\sunrise-connect\backend\node_modules\router\index.js:342:13)
2026-06-16 20:34:30 info: GET /api/v1/payments
2026-06-16 20:34:30 error: Error: Missing or malformed Authorization header
    at authenticate (file:///D:/sunrise_connect/sunrise-connect/backend/src/middlewares/auth.middleware.js:10:17)
    at Layer.handleRequest (D:\sunrise_connect\sunrise-connect\backend\node_modules\router\lib\layer.js:152:17)
    at trimPrefix (D:\sunrise_connect\sunrise-connect\backend\node_modules\router\index.js:342:13)
    at D:\sunrise_connect\sunrise-connect\backend\node_modules\router\index.js:297:9
    at processParams (D:\sunrise_connect\sunrise-connect\backend\node_modules\router\index.js:582:12)
    at next (D:\sunrise_connect\sunrise-connect\backend\node_modules\router\index.js:291:5)
    at Function.handle (D:\sunrise_connect\sunrise-connect\backend\node_modules\router\index.js:186:3)
    at router (D:\sunrise_connect\sunrise-connect\backend\node_modules\router\index.js:60:12)
    at Layer.handleRequest (D:\sunrise_connect\sunrise-connect\backend\node_modules\router\lib\layer.js:152:17)
    at trimPrefix (D:\sunrise_connect\sunrise-connect\backend\node_modules\router\index.js:342:13)
2026-06-16 20:34:30 info: GET /api/v1/ledgers
2026-06-16 20:34:30 error: Error: Missing or malformed Authorization header
    at authenticate (file:///D:/sunrise_connect/sunrise-connect/backend/src/middlewares/auth.middleware.js:10:17)
    at Layer.handleRequest (D:\sunrise_connect\sunrise-connect\backend\node_modules\router\lib\layer.js:152:17)
    at trimPrefix (D:\sunrise_connect\sunrise-connect\backend\node_modules\router\index.js:342:13)
    at D:\sunrise_connect\sunrise-connect\backend\node_modules\router\index.js:297:9
    at processParams (D:\sunrise_connect\sunrise-connect\backend\node_modules\router\index.js:582:12)
    at next (D:\sunrise_connect\sunrise-connect\backend\node_modules\router\index.js:291:5)
    at Function.handle (D:\sunrise_connect\sunrise-connect\backend\node_modules\router\index.js:186:3)
    at router (D:\sunrise_connect\sunrise-connect\backend\node_modules\router\index.js:60:12)
    at Layer.handleRequest (D:\sunrise_connect\sunrise-connect\backend\node_modules\router\lib\layer.js:152:17)
    at trimPrefix (D:\sunrise_connect\sunrise-connect\backend\node_modules\router\index.js:342:13)
2026-06-16 20:34:30 info: GET /api/v1/students
2026-06-16 20:34:30 error: Error: Missing or malformed Authorization header
    at authenticate (file:///D:/sunrise_connect/sunrise-connect/backend/src/middlewares/auth.middleware.js:10:17)
    at Layer.handleRequest (D:\sunrise_connect\sunrise-connect\backend\node_modules\router\lib\layer.js:152:17)
    at trimPrefix (D:\sunrise_connect\sunrise-connect\backend\node_modules\router\index.js:342:13)
    at D:\sunrise_connect\sunrise-connect\backend\node_modules\router\index.js:297:9
    at processParams (D:\sunrise_connect\sunrise-connect\backend\node_modules\router\index.js:582:12)
    at next (D:\sunrise_connect\sunrise-connect\backend\node_modules\router\index.js:291:5)
    at Function.handle (D:\sunrise_connect\sunrise-connect\backend\node_modules\router\index.js:186:3)
    at router (D:\sunrise_connect\sunrise-connect\backend\node_modules\router\index.js:60:12)
    at Layer.handleRequest (D:\sunrise_connect\sunrise-connect\backend\node_modules\router\lib\layer.js:152:17)
    at trimPrefix (D:\sunrise_connect\sunrise-connect\backend\node_modules\router\index.js:342:13)
2026-06-16 20:34:30 info: GET /api/v1/payments
2026-06-16 20:34:30 error: Error: Missing or malformed Authorization header
    at authenticate (file:///D:/sunrise_connect/sunrise-connect/backend/src/middlewares/auth.middleware.js:10:17)
    at Layer.handleRequest (D:\sunrise_connect\sunrise-connect\backend\node_modules\router\lib\layer.js:152:17)
    at trimPrefix (D:\sunrise_connect\sunrise-connect\backend\node_modules\router\index.js:342:13)
    at D:\sunrise_connect\sunrise-connect\backend\node_modules\router\index.js:297:9
    at processParams (D:\sunrise_connect\sunrise-connect\backend\node_modules\router\index.js:582:12)
    at next (D:\sunrise_connect\sunrise-connect\backend\node_modules\router\index.js:291:5)
    at Function.handle (D:\sunrise_connect\sunrise-connect\backend\node_modules\router\index.js:186:3)
    at router (D:\sunrise_connect\sunrise-connect\backend\node_modules\router\index.js:60:12)
    at Layer.handleRequest (D:\sunrise_connect\sunrise-connect\backend\node_modules\router\lib\layer.js:152:17)
    at trimPrefix (D:\sunrise_connect\sunrise-connect\backend\node_modules\router\index.js:342:13)
2026-06-16 20:34:30 info: GET /api/v1/ledgers
2026-06-16 20:34:30 error: Error: Missing or malformed Authorization header
    at authenticate (file:///D:/sunrise_connect/sunrise-connect/backend/src/middlewares/auth.middleware.js:10:17)
    at Layer.handleRequest (D:\sunrise_connect\sunrise-connect\backend\node_modules\router\lib\layer.js:152:17)
    at trimPrefix (D:\sunrise_connect\sunrise-connect\backend\node_modules\router\index.js:342:13)
    at D:\sunrise_connect\sunrise-connect\backend\node_modules\router\index.js:297:9
    at processParams (D:\sunrise_connect\sunrise-connect\backend\node_modules\router\index.js:582:12)
    at next (D:\sunrise_connect\sunrise-connect\backend\node_modules\router\index.js:291:5)
    at Function.handle (D:\sunrise_connect\sunrise-connect\backend\node_modules\router\index.js:186:3)
    at router (D:\sunrise_connect\sunrise-connect\backend\node_modules\router\index.js:60:12)
    at Layer.handleRequest (D:\sunrise_connect\sunrise-connect\backend\node_modules\router\lib\layer.js:152:17)
    at trimPrefix (D:\sunrise_connect\sunrise-connect\backend\node_modules\router\index.js:342:13)
2026-06-16 20:36:10 info: GET /api/v1/students
2026-06-16 20:36:10 error: Error: Missing or malformed Authorization header
    at authenticate (file:///D:/sunrise_connect/sunrise-connect/backend/src/middlewares/auth.middleware.js:10:17)
    at Layer.handleRequest (D:\sunrise_connect\sunrise-connect\backend\node_modules\router\lib\layer.js:152:17)
    at trimPrefix (D:\sunrise_connect\sunrise-connect\backend\node_modules\router\index.js:342:13)
    at D:\sunrise_connect\sunrise-connect\backend\node_modules\router\index.js:297:9
    at processParams (D:\sunrise_connect\sunrise-connect\backend\node_modules\router\index.js:582:12)
    at next (D:\sunrise_connect\sunrise-connect\backend\node_modules\router\index.js:291:5)
    at Function.handle (D:\sunrise_connect\sunrise-connect\backend\node_modules\router\index.js:186:3)
    at router (D:\sunrise_connect\sunrise-connect\backend\node_modules\router\index.js:60:12)
    at Layer.handleRequest (D:\sunrise_connect\sunrise-connect\backend\node_modules\router\lib\layer.js:152:17)
    at trimPrefix (D:\sunrise_connect\sunrise-connect\backend\node_modules\router\index.js:342:13)
2026-06-16 20:36:10 info: GET /api/v1/ledgers
2026-06-16 20:36:10 error: Error: Missing or malformed Authorization header
    at authenticate (file:///D:/sunrise_connect/sunrise-connect/backend/src/middlewares/auth.middleware.js:10:17)
    at Layer.handleRequest (D:\sunrise_connect\sunrise-connect\backend\node_modules\router\lib\layer.js:152:17)
    at trimPrefix (D:\sunrise_connect\sunrise-connect\backend\node_modules\router\index.js:342:13)
    at D:\sunrise_connect\sunrise-connect\backend\node_modules\router\index.js:297:9
    at processParams (D:\sunrise_connect\sunrise-connect\backend\node_modules\router\index.js:582:12)
    at next (D:\sunrise_connect\sunrise-connect\backend\node_modules\router\index.js:291:5)
    at Function.handle (D:\sunrise_connect\sunrise-connect\backend\node_modules\router\index.js:186:3)
    at router (D:\sunrise_connect\sunrise-connect\backend\node_modules\router\index.js:60:12)
    at Layer.handleRequest (D:\sunrise_connect\sunrise-connect\backend\node_modules\router\lib\layer.js:152:17)
    at trimPrefix (D:\sunrise_connect\sunrise-connect\backend\node_modules\router\index.js:342:13)
2026-06-16 20:36:10 info: GET /api/v1/payments
2026-06-16 20:36:10 error: Error: Missing or malformed Authorization header
    at authenticate (file:///D:/sunrise_connect/sunrise-connect/backend/src/middlewares/auth.middleware.js:10:17)
    at Layer.handleRequest (D:\sunrise_connect\sunrise-connect\backend\node_modules\router\lib\layer.js:152:17)
    at trimPrefix (D:\sunrise_connect\sunrise-connect\backend\node_modules\router\index.js:342:13)
    at D:\sunrise_connect\sunrise-connect\backend\node_modules\router\index.js:297:9
    at processParams (D:\sunrise_connect\sunrise-connect\backend\node_modules\router\index.js:582:12)
    at next (D:\sunrise_connect\sunrise-connect\backend\node_modules\router\index.js:291:5)
    at Function.handle (D:\sunrise_connect\sunrise-connect\backend\node_modules\router\index.js:186:3)
    at router (D:\sunrise_connect\sunrise-connect\backend\node_modules\router\index.js:60:12)
    at Layer.handleRequest (D:\sunrise_connect\sunrise-connect\backend\node_modules\router\lib\layer.js:152:17)
    at trimPrefix (D:\sunrise_connect\sunrise-connect\backend\node_modules\router\index.js:342:13)
2026-06-16 20:36:10 info: GET /api/v1/students
2026-06-16 20:36:10 error: Error: Missing or malformed Authorization header
    at authenticate (file:///D:/sunrise_connect/sunrise-connect/backend/src/middlewares/auth.middleware.js:10:17)
    at Layer.handleRequest (D:\sunrise_connect\sunrise-connect\backend\node_modules\router\lib\layer.js:152:17)
    at trimPrefix (D:\sunrise_connect\sunrise-connect\backend\node_modules\router\index.js:342:13)
    at D:\sunrise_connect\sunrise-connect\backend\node_modules\router\index.js:297:9
    at processParams (D:\sunrise_connect\sunrise-connect\backend\node_modules\router\index.js:582:12)
    at next (D:\sunrise_connect\sunrise-connect\backend\node_modules\router\index.js:291:5)
    at Function.handle (D:\sunrise_connect\sunrise-connect\backend\node_modules\router\index.js:186:3)
    at router (D:\sunrise_connect\sunrise-connect\backend\node_modules\router\index.js:60:12)
    at Layer.handleRequest (D:\sunrise_connect\sunrise-connect\backend\node_modules\router\lib\layer.js:152:17)
    at trimPrefix (D:\sunrise_connect\sunrise-connect\backend\node_modules\router\index.js:342:13)
2026-06-16 20:36:10 info: GET /api/v1/ledgers
2026-06-16 20:36:10 error: Error: Missing or malformed Authorization header
    at authenticate (file:///D:/sunrise_connect/sunrise-connect/backend/src/middlewares/auth.middleware.js:10:17)
    at Layer.handleRequest (D:\sunrise_connect\sunrise-connect\backend\node_modules\router\lib\layer.js:152:17)
    at trimPrefix (D:\sunrise_connect\sunrise-connect\backend\node_modules\router\index.js:342:13)
    at D:\sunrise_connect\sunrise-connect\backend\node_modules\router\index.js:297:9
    at processParams (D:\sunrise_connect\sunrise-connect\backend\node_modules\router\index.js:582:12)
    at next (D:\sunrise_connect\sunrise-connect\backend\node_modules\router\index.js:291:5)
    at Function.handle (D:\sunrise_connect\sunrise-connect\backend\node_modules\router\index.js:186:3)
    at router (D:\sunrise_connect\sunrise-connect\backend\node_modules\router\index.js:60:12)
    at Layer.handleRequest (D:\sunrise_connect\sunrise-connect\backend\node_modules\router\lib\layer.js:152:17)
    at trimPrefix (D:\sunrise_connect\sunrise-connect\backend\node_modules\router\index.js:342:13)
2026-06-16 20:36:10 info: GET /api/v1/payments
2026-06-16 20:36:10 error: Error: Missing or malformed Authorization header
    at authenticate (file:///D:/sunrise_connect/sunrise-connect/backend/src/middlewares/auth.middleware.js:10:17)
    at Layer.handleRequest (D:\sunrise_connect\sunrise-connect\backend\node_modules\router\lib\layer.js:152:17)
    at trimPrefix (D:\sunrise_connect\sunrise-connect\backend\node_modules\router\index.js:342:13)
    at D:\sunrise_connect\sunrise-connect\backend\node_modules\router\index.js:297:9
    at processParams (D:\sunrise_connect\sunrise-connect\backend\node_modules\router\index.js:582:12)
    at next (D:\sunrise_connect\sunrise-connect\backend\node_modules\router\index.js:291:5)
    at Function.handle (D:\sunrise_connect\sunrise-connect\backend\node_modules\router\index.js:186:3)
    at router (D:\sunrise_connect\sunrise-connect\backend\node_modules\router\index.js:60:12)
    at Layer.handleRequest (D:\sunrise_connect\sunrise-connect\backend\node_modules\router\lib\layer.js:152:17)
    at trimPrefix (D:\sunrise_connect\sunrise-connect\backend\node_modules\router\index.js:342:13)
2026-06-16 20:36:38 info: POST /api/v1/students
2026-06-16 20:36:38 error: Error: Missing or malformed Authorization header
    at authenticate (file:///D:/sunrise_connect/sunrise-connect/backend/src/middlewares/auth.middleware.js:10:17)
    at Layer.handleRequest (D:\sunrise_connect\sunrise-connect\backend\node_modules\router\lib\layer.js:152:17)
    at trimPrefix (D:\sunrise_connect\sunrise-connect\backend\node_modules\router\index.js:342:13)
    at D:\sunrise_connect\sunrise-connect\backend\node_modules\router\index.js:297:9
    at processParams (D:\sunrise_connect\sunrise-connect\backend\node_modules\router\index.js:582:12)
    at next (D:\sunrise_connect\sunrise-connect\backend\node_modules\router\index.js:291:5)
    at Function.handle (D:\sunrise_connect\sunrise-connect\backend\node_modules\router\index.js:186:3)
    at router (D:\sunrise_connect\sunrise-connect\backend\node_modules\router\index.js:60:12)
    at Layer.handleRequest (D:\sunrise_connect\sunrise-connect\backend\node_modules\router\lib\layer.js:152:17)
    at trimPrefix (D:\sunrise_connect\sunrise-connect\backend\node_modules\router\index.js:342:13)
2026-06-16 20:37:28 info: Server is running on port 3000 in development mode
2026-06-16 20:37:29 info: MongoDB connected
2026-06-16 20:38:06 info: Server is running on port 3000 in development mode
2026-06-16 20:38:07 info: MongoDB connected
2026-06-16 20:38:19 info: GET /api/v1/students
2026-06-16 20:38:19 info: GET /api/v1/payments
2026-06-16 20:38:19 info: GET /api/v1/ledgers
2026-06-16 20:38:19 info: GET /api/v1/students
2026-06-16 20:38:19 info: GET /api/v1/payments
2026-06-16 20:38:19 info: GET /api/v1/ledgers
2026-06-16 20:38:43 info: POST /api/v1/payments
2026-06-16 20:38:43 error: Error: Idempotency-Key header is required for this endpoint
    at idempotency (file:///D:/sunrise_connect/sunrise-connect/backend/src/middlewares/idempotency.middleware.js:12:17)
    at Layer.handleRequest (D:\sunrise_connect\sunrise-connect\backend\node_modules\router\lib\layer.js:152:17)
    at next (D:\sunrise_connect\sunrise-connect\backend\node_modules\router\lib\route.js:157:13)
    at Route.dispatch (D:\sunrise_connect\sunrise-connect\backend\node_modules\router\lib\route.js:117:3)
    at handle (D:\sunrise_connect\sunrise-connect\backend\node_modules\router\index.js:435:11)
    at Layer.handleRequest (D:\sunrise_connect\sunrise-connect\backend\node_modules\router\lib\layer.js:152:17)
    at D:\sunrise_connect\sunrise-connect\backend\node_modules\router\index.js:295:15
    at processParams (D:\sunrise_connect\sunrise-connect\backend\node_modules\router\index.js:582:12)
    at next (D:\sunrise_connect\sunrise-connect\backend\node_modules\router\index.js:291:5)
    at Function.handle (D:\sunrise_connect\sunrise-connect\backend\node_modules\router\index.js:186:3)
2026-06-16 20:39:20 info: POST /api/v1/students
2026-06-16 20:42:24 info: GET /api/v1/students
2026-06-16 20:42:24 info: GET /api/v1/ledgers
2026-06-16 20:42:24 info: GET /api/v1/payments
2026-06-16 20:42:24 info: GET /api/v1/students
2026-06-16 20:42:24 info: GET /api/v1/ledgers
2026-06-16 20:42:24 info: GET /api/v1/payments
2026-06-16 20:43:03 info: POST /api/v1/students
2026-06-16 20:49:56 info: GET /api/v1/students
2026-06-16 20:49:56 info: GET /api/v1/ledgers
2026-06-16 20:49:56 info: GET /api/v1/payments
2026-06-16 20:49:56 info: GET /api/v1/students
2026-06-16 20:49:56 info: GET /api/v1/ledgers
2026-06-16 20:49:56 info: GET /api/v1/payments
2026-06-16 20:50:18 info: POST /api/v1/students
2026-06-16 20:53:04 info: GET /api/v1/students
2026-06-16 20:53:04 info: GET /api/v1/ledgers
2026-06-16 20:53:04 info: GET /api/v1/payments
2026-06-16 20:53:04 info: GET /api/v1/students
2026-06-16 20:53:04 info: GET /api/v1/payments
2026-06-16 20:53:04 info: GET /api/v1/ledgers
2026-06-16 20:53:53 info: POST /api/v1/students
2026-06-16 21:09:00 info: Server is running on port 3000 in development mode
2026-06-16 21:09:01 info: MongoDB connected
2026-06-16 21:10:35 info: GET /api/v1/students
2026-06-16 21:10:35 info: GET /api/v1/payments
2026-06-16 21:10:35 info: GET /api/v1/ledgers
2026-06-16 21:10:35 info: GET /api/v1/payments
2026-06-16 21:10:35 info: GET /api/v1/ledgers
2026-06-16 21:10:35 info: GET /api/v1/students
2026-06-16 21:10:36 info: GET /api/v1/students
2026-06-16 21:10:36 info: GET /api/v1/ledgers
2026-06-16 21:10:36 info: GET /api/v1/payments
2026-06-16 21:10:36 info: GET /api/v1/payments
2026-06-16 21:10:36 info: GET /api/v1/ledgers
2026-06-16 21:10:36 info: GET /api/v1/students
2026-06-16 21:12:13 info: POST /api/v1/students
2026-06-16 21:12:13 error: ValidationError: Parent validation failed: primaryMobileNumber: Please provide a valid Indian 10‑digit primary mobile number
    at model.validate (D:\sunrise_connect\sunrise-connect\backend\node_modules\mongoose\lib\document.js:2864:36)
    at process.processTicksAndRejections (node:internal/process/task_queues:105:5)
    at async model.$__save (D:\sunrise_connect\sunrise-connect\backend\node_modules\mongoose\lib\model.js:398:7)
    at async maybeTracedSave (D:\sunrise_connect\sunrise-connect\backend\node_modules\mongoose\lib\model.js:674:7)
    at async D:\sunrise_connect\sunrise-connect\backend\node_modules\mongoose\lib\model.js:2831:9
    at async Promise.all (index 0)
    at async Function.create (D:\sunrise_connect\sunrise-connect\backend\node_modules\mongoose\lib\model.js:2816:11)
    at async StudentService.createStudent (file:///D:/sunrise_connect/sunrise-connect/backend/src/services/StudentService.js:24:20)
    at async file:///D:/sunrise_connect/sunrise-connect/backend/src/controllers/StudentController.js:9:21
2026-06-16 21:12:13 error: ValidationError: Parent validation failed: primaryMobileNumber: Please provide a valid Indian 10‑digit primary mobile number
    at model.validate (D:\sunrise_connect\sunrise-connect\backend\node_modules\mongoose\lib\document.js:2864:36)
    at process.processTicksAndRejections (node:internal/process/task_queues:105:5)
    at async model.$__save (D:\sunrise_connect\sunrise-connect\backend\node_modules\mongoose\lib\model.js:398:7)
    at async maybeTracedSave (D:\sunrise_connect\sunrise-connect\backend\node_modules\mongoose\lib\model.js:674:7)
    at async D:\sunrise_connect\sunrise-connect\backend\node_modules\mongoose\lib\model.js:2831:9
    at async Promise.all (index 0)
    at async Function.create (D:\sunrise_connect\sunrise-connect\backend\node_modules\mongoose\lib\model.js:2816:11)
    at async StudentService.createStudent (file:///D:/sunrise_connect/sunrise-connect/backend/src/services/StudentService.js:24:20)
    at async file:///D:/sunrise_connect/sunrise-connect/backend/src/controllers/StudentController.js:9:21
2026-06-16 21:17:17 info: Server is running on port 3000 in development mode
2026-06-16 21:17:18 info: MongoDB connected
2026-06-16 21:19:31 info: Server is running on port 3000 in development mode
2026-06-16 21:19:32 info: MongoDB connected
2026-06-16 21:20:17 info: GET /api/v1/students
2026-06-16 21:20:17 info: GET /api/v1/ledgers
2026-06-16 21:20:17 info: GET /api/v1/payments
2026-06-16 21:20:17 info: GET /api/v1/ledgers
2026-06-16 21:20:17 info: GET /api/v1/payments
2026-06-16 21:20:17 info: GET /api/v1/students
2026-06-16 21:21:22 info: POST /api/v1/students
2026-06-16 21:21:22 error: MissingSchemaError: Schema hasn't been registered for model "FeeCategory".
Use mongoose.model(name, schema)
    at Mongoose.model (D:\sunrise_connect\sunrise-connect\backend\node_modules\mongoose\lib\mongoose.js:602:13)
    at StudentService.createStudent (file:///D:/sunrise_connect/sunrise-connect/backend/src/services/StudentService.js:52:46)
    at process.processTicksAndRejections (node:internal/process/task_queues:105:5)
    at async file:///D:/sunrise_connect/sunrise-connect/backend/src/controllers/StudentController.js:9:21
2026-06-16 21:21:22 error: MissingSchemaError: Schema hasn't been registered for model "FeeCategory".
Use mongoose.model(name, schema)
    at Mongoose.model (D:\sunrise_connect\sunrise-connect\backend\node_modules\mongoose\lib\mongoose.js:602:13)
    at StudentService.createStudent (file:///D:/sunrise_connect/sunrise-connect/backend/src/services/StudentService.js:52:46)
    at process.processTicksAndRejections (node:internal/process/task_queues:105:5)
    at async file:///D:/sunrise_connect/sunrise-connect/backend/src/controllers/StudentController.js:9:21
2026-06-16 21:22:48 info: GET /api/v1/students
2026-06-16 21:22:48 info: GET /api/v1/ledgers
2026-06-16 21:22:48 info: GET /api/v1/payments
2026-06-16 21:22:48 info: GET /api/v1/payments
2026-06-16 21:22:48 info: GET /api/v1/ledgers
2026-06-16 21:22:49 info: GET /api/v1/students
2026-06-16 21:23:08 info: GET /api/v1/students
2026-06-16 21:23:08 info: GET /api/v1/ledgers
2026-06-16 21:23:08 info: GET /api/v1/payments
2026-06-16 21:31:49 info: Server is running on port 3000 in development mode
2026-06-16 21:31:50 info: MongoDB connected
2026-06-16 21:32:54 info: GET /api/v1/students
2026-06-16 21:32:54 info: GET /api/v1/ledgers
2026-06-16 21:32:54 info: GET /api/v1/payments
2026-06-16 21:32:55 info: GET /api/v1/ledgers
2026-06-16 21:32:56 info: GET /api/v1/payments
2026-06-16 21:32:56 info: GET /api/v1/students
2026-06-16 21:33:31 info: POST /api/v1/students
2026-06-16 21:33:33 info: GET /api/v1/students
2026-06-16 21:33:33 info: GET /api/v1/ledgers
2026-06-16 21:33:33 info: GET /api/v1/payments
2026-06-16 21:37:29 info: GET /api/v1/students
2026-06-16 21:37:29 info: GET /api/v1/ledgers
2026-06-16 21:37:29 info: GET /api/v1/payments
2026-06-16 21:38:20 info: GET /api/v1/students
2026-06-16 21:38:20 info: GET /api/v1/ledgers
2026-06-16 21:38:20 info: GET /api/v1/payments
2026-06-16 21:39:07 info: Server is running on port 3000 in development mode
2026-06-16 21:39:08 info: MongoDB connected
2026-06-16 21:39:22 info: GET /api/v1/students
2026-06-16 21:39:22 info: GET /api/v1/ledgers
2026-06-16 21:39:22 info: GET /api/v1/payments
2026-06-16 21:44:35 info: Server is running on port 3000 in development mode
2026-06-16 21:44:36 info: MongoDB connected
2026-06-16 21:45:18 info: GET /api/v1/students
2026-06-16 21:45:19 info: GET /api/v1/ledgers
2026-06-16 21:45:19 info: GET /api/v1/payments
2026-06-16 21:45:19 info: GET /api/v1/ledgers
2026-06-16 21:45:19 info: GET /api/v1/payments
2026-06-16 21:45:19 info: GET /api/v1/students
2026-06-16 21:48:33 info: POST /api/v1/students
2026-06-16 21:48:34 info: GET /api/v1/students
2026-06-16 21:48:34 info: GET /api/v1/ledgers
2026-06-16 21:48:34 info: GET /api/v1/payments
2026-06-16 21:49:46 info: GET /api/v1/students
2026-06-16 21:49:46 info: GET /api/v1/ledgers
2026-06-16 21:49:46 info: GET /api/v1/payments
2026-06-16 21:51:36 info: GET /api/v1/students
2026-06-16 21:51:36 info: GET /api/v1/ledgers
2026-06-16 21:51:36 info: GET /api/v1/payments
2026-06-16 21:51:36 info: GET /api/v1/payments
2026-06-16 21:51:36 info: GET /api/v1/ledgers
2026-06-16 21:51:36 info: GET /api/v1/students
2026-06-16 21:54:25 info: GET /api/v1/students?limit=1000
2026-06-16 21:54:25 info: GET /api/v1/ledgers?limit=1000
2026-06-16 21:54:25 info: GET /api/v1/payments?limit=1000
2026-06-16 21:54:25 info: GET /api/v1/students?limit=1000
2026-06-16 21:54:25 info: GET /api/v1/ledgers?limit=1000
2026-06-16 21:54:25 info: GET /api/v1/payments?limit=1000
2026-06-16 21:56:26 info: Server is running on port 3000 in development mode
2026-06-16 21:56:27 info: MongoDB connected
2026-06-16 21:57:42 info: GET /api/v1/students?limit=1000
2026-06-16 21:57:42 info: GET /api/v1/ledgers?limit=1000
2026-06-16 21:57:42 info: GET /api/v1/payments?limit=1000
2026-06-16 21:57:42 info: GET /api/v1/ledgers?limit=1000
2026-06-16 21:57:42 info: GET /api/v1/payments?limit=1000
2026-06-16 21:57:42 info: GET /api/v1/students?limit=1000
2026-06-16 22:09:58 error: MongooseError: Cannot call `create()` with a session and multiple documents unless `ordered: true` is set
    at Function.create (D:\sunrise_connect\sunrise-connect\backend\node_modules\mongoose\lib\model.js:2744:11)
    at StudentService.createStudent (file:///D:/sunrise_connect/sunrise-connect/backend/src/services/StudentService.js:267:48)
    at process.processTicksAndRejections (node:internal/process/task_queues:105:5)
    at async main (file:///D:/sunrise_connect/sunrise-connect/backend/src/seed.js:77:23)
2026-06-16 22:10:40 info: Server is running on port 3000 in development mode
2026-06-16 22:10:41 info: MongoDB connected
2026-06-16 22:10:51 info: GET /api/v1/students?limit=1000
2026-06-16 22:10:51 info: GET /api/v1/ledgers?limit=1000
2026-06-16 22:10:51 info: GET /api/v1/payments?limit=1000
2026-06-16 22:10:51 info: GET /api/v1/payments?limit=1000
2026-06-16 22:10:51 info: GET /api/v1/ledgers?limit=1000
2026-06-16 22:10:51 info: GET /api/v1/students?limit=1000
2026-06-16 22:15:10 info: POST /api/v1/ledgers/6a317c741a4f6c3dcdac552b/concession
2026-06-16 22:15:11 info: POST /api/v1/payments
2026-06-16 22:15:12 info: GET /api/v1/students?limit=1000
2026-06-16 22:15:12 info: GET /api/v1/ledgers?limit=1000
2026-06-16 22:15:12 info: GET /api/v1/payments?limit=1000
2026-06-16 22:16:42 info: POST /api/v1/payments
2026-06-16 22:16:43 info: GET /api/v1/students?limit=1000
2026-06-16 22:16:43 info: GET /api/v1/ledgers?limit=1000
2026-06-16 22:16:43 info: GET /api/v1/payments?limit=1000
2026-06-16 22:17:26 info: POST /api/v1/payments
2026-06-16 22:17:26 info: POST /api/v1/payments
2026-06-16 22:17:27 info: GET /api/v1/students?limit=1000
2026-06-16 22:17:27 info: GET /api/v1/ledgers?limit=1000
2026-06-16 22:17:27 info: GET /api/v1/payments?limit=1000
2026-06-16 22:17:35 info: POST /api/v1/payments
2026-06-16 22:17:35 info: POST /api/v1/payments
2026-06-16 22:17:36 info: GET /api/v1/students?limit=1000
2026-06-16 22:17:36 info: GET /api/v1/ledgers?limit=1000
2026-06-16 22:17:36 info: GET /api/v1/payments?limit=1000
2026-06-16 22:18:09 info: GET /api/v1/students?limit=1000
2026-06-16 22:18:09 info: GET /api/v1/ledgers?limit=1000
2026-06-16 22:18:09 info: GET /api/v1/payments?limit=1000
2026-06-16 22:18:09 info: GET /api/v1/payments?limit=1000
2026-06-16 22:18:09 info: GET /api/v1/students?limit=1000
2026-06-16 22:18:09 info: GET /api/v1/ledgers?limit=1000
2026-06-16 22:32:20 info: GET /api/v1/students?limit=1000
2026-06-16 22:32:21 info: GET /api/v1/ledgers?limit=1000
2026-06-16 22:32:21 info: GET /api/v1/payments?limit=1000
2026-06-16 22:32:21 info: GET /api/v1/fee-structures
2026-06-16 22:32:21 error: Error: Cannot find /api/v1/fee-structures on this server
    at file:///D:/sunrise_connect/sunrise-connect/backend/src/app.js:52:8
    at Layer.handleRequest (D:\sunrise_connect\sunrise-connect\backend\node_modules\router\lib\layer.js:152:17)
    at next (D:\sunrise_connect\sunrise-connect\backend\node_modules\router\lib\route.js:157:13)
    at Route.dispatch (D:\sunrise_connect\sunrise-connect\backend\node_modules\router\lib\route.js:117:3)
    at handle (D:\sunrise_connect\sunrise-connect\backend\node_modules\router\index.js:435:11)
    at Layer.handleRequest (D:\sunrise_connect\sunrise-connect\backend\node_modules\router\lib\layer.js:152:17)
    at D:\sunrise_connect\sunrise-connect\backend\node_modules\router\index.js:295:15
    at param (D:\sunrise_connect\sunrise-connect\backend\node_modules\router\index.js:600:14)
    at param (D:\sunrise_connect\sunrise-connect\backend\node_modules\router\index.js:610:14)
    at processParams (D:\sunrise_connect\sunrise-connect\backend\node_modules\router\index.js:664:3)
2026-06-16 22:32:21 info: GET /api/v1/fee-structures
2026-06-16 22:32:21 error: Error: Cannot find /api/v1/fee-structures on this server
    at file:///D:/sunrise_connect/sunrise-connect/backend/src/app.js:52:8
    at Layer.handleRequest (D:\sunrise_connect\sunrise-connect\backend\node_modules\router\lib\layer.js:152:17)
    at next (D:\sunrise_connect\sunrise-connect\backend\node_modules\router\lib\route.js:157:13)
    at Route.dispatch (D:\sunrise_connect\sunrise-connect\backend\node_modules\router\lib\route.js:117:3)
    at handle (D:\sunrise_connect\sunrise-connect\backend\node_modules\router\index.js:435:11)
    at Layer.handleRequest (D:\sunrise_connect\sunrise-connect\backend\node_modules\router\lib\layer.js:152:17)
    at D:\sunrise_connect\sunrise-connect\backend\node_modules\router\index.js:295:15
    at param (D:\sunrise_connect\sunrise-connect\backend\node_modules\router\index.js:600:14)
    at param (D:\sunrise_connect\sunrise-connect\backend\node_modules\router\index.js:610:14)
    at processParams (D:\sunrise_connect\sunrise-connect\backend\node_modules\router\index.js:664:3)
2026-06-16 22:32:21 info: GET /api/v1/payments?limit=1000
2026-06-16 22:32:21 info: GET /api/v1/ledgers?limit=1000
2026-06-16 22:32:21 info: GET /api/v1/students?limit=1000
2026-06-16 22:32:37 info: GET /api/v1/students?limit=1000
2026-06-16 22:32:37 info: GET /api/v1/ledgers?limit=1000
2026-06-16 22:32:37 info: GET /api/v1/payments?limit=1000
2026-06-16 22:32:37 info: GET /api/v1/fee-structures
2026-06-16 22:32:37 error: Error: Cannot find /api/v1/fee-structures on this server
    at file:///D:/sunrise_connect/sunrise-connect/backend/src/app.js:52:8
    at Layer.handleRequest (D:\sunrise_connect\sunrise-connect\backend\node_modules\router\lib\layer.js:152:17)
    at next (D:\sunrise_connect\sunrise-connect\backend\node_modules\router\lib\route.js:157:13)
    at Route.dispatch (D:\sunrise_connect\sunrise-connect\backend\node_modules\router\lib\route.js:117:3)
    at handle (D:\sunrise_connect\sunrise-connect\backend\node_modules\router\index.js:435:11)
    at Layer.handleRequest (D:\sunrise_connect\sunrise-connect\backend\node_modules\router\lib\layer.js:152:17)
    at D:\sunrise_connect\sunrise-connect\backend\node_modules\router\index.js:295:15
    at param (D:\sunrise_connect\sunrise-connect\backend\node_modules\router\index.js:600:14)
    at param (D:\sunrise_connect\sunrise-connect\backend\node_modules\router\index.js:610:14)
    at processParams (D:\sunrise_connect\sunrise-connect\backend\node_modules\router\index.js:664:3)
2026-06-16 22:32:37 info: GET /api/v1/fee-structures
2026-06-16 22:32:37 error: Error: Cannot find /api/v1/fee-structures on this server
    at file:///D:/sunrise_connect/sunrise-connect/backend/src/app.js:52:8
    at Layer.handleRequest (D:\sunrise_connect\sunrise-connect\backend\node_modules\router\lib\layer.js:152:17)
    at next (D:\sunrise_connect\sunrise-connect\backend\node_modules\router\lib\route.js:157:13)
    at Route.dispatch (D:\sunrise_connect\sunrise-connect\backend\node_modules\router\lib\route.js:117:3)
    at handle (D:\sunrise_connect\sunrise-connect\backend\node_modules\router\index.js:435:11)
    at Layer.handleRequest (D:\sunrise_connect\sunrise-connect\backend\node_modules\router\lib\layer.js:152:17)
    at D:\sunrise_connect\sunrise-connect\backend\node_modules\router\index.js:295:15
    at param (D:\sunrise_connect\sunrise-connect\backend\node_modules\router\index.js:600:14)
    at param (D:\sunrise_connect\sunrise-connect\backend\node_modules\router\index.js:610:14)
    at processParams (D:\sunrise_connect\sunrise-connect\backend\node_modules\router\index.js:664:3)
2026-06-16 22:32:37 info: GET /api/v1/payments?limit=1000
2026-06-16 22:32:37 info: GET /api/v1/students?limit=1000
2026-06-16 22:32:37 info: GET /api/v1/ledgers?limit=1000
2026-06-16 22:34:42 info: Server is running on port 3000 in development mode
2026-06-16 22:34:43 info: MongoDB connected
2026-06-16 22:35:19 info: GET /api/v1/fee-structures
2026-06-16 22:51:19 info: GET /api/v1/fee-structures
2026-06-16 22:51:19 info: GET /api/v1/students?limit=1000
2026-06-16 22:51:19 info: GET /api/v1/ledgers?limit=1000
2026-06-16 22:51:19 info: GET /api/v1/payments?limit=1000
2026-06-16 22:51:19 info: GET /api/v1/fee-structures
2026-06-16 22:51:20 info: GET /api/v1/ledgers?limit=1000
2026-06-16 22:51:20 info: GET /api/v1/payments?limit=1000
2026-06-16 22:51:20 info: GET /api/v1/students?limit=1000
2026-06-16 22:58:04 info: GET /api/v1/payments?limit=1000
2026-06-16 22:58:04 info: GET /api/v1/fee-structures
2026-06-16 22:58:04 info: GET /api/v1/ledgers?limit=1000
2026-06-16 22:58:04 info: GET /api/v1/students?limit=1000
2026-06-16 22:58:04 info: GET /api/v1/payments?limit=1000
2026-06-16 22:58:04 info: GET /api/v1/fee-structures
2026-06-16 22:58:04 info: GET /api/v1/ledgers?limit=1000
2026-06-16 22:58:04 info: GET /api/v1/students?limit=1000
2026-06-16 23:00:07 info: POST /api/v1/students
2026-06-16 23:00:08 info: GET /api/v1/students?limit=1000
2026-06-16 23:00:08 info: GET /api/v1/ledgers?limit=1000
2026-06-16 23:00:08 info: GET /api/v1/payments?limit=1000
2026-06-16 23:00:08 info: GET /api/v1/fee-structures
2026-06-16 23:00:33 info: POST /api/v1/payments
2026-06-16 23:00:34 info: POST /api/v1/payments
2026-06-16 23:00:34 info: GET /api/v1/students?limit=1000
2026-06-16 23:00:34 info: GET /api/v1/ledgers?limit=1000
2026-06-16 23:00:34 info: GET /api/v1/payments?limit=1000
2026-06-16 23:00:34 info: GET /api/v1/fee-structures
2026-06-16 23:05:17 info: POST /api/v1/students
2026-06-16 23:05:17 error: MongoServerError: E11000 duplicate key error collection: test.students index: studentCode_1 dup key: { studentCode: null }
    at InsertOneOperation.handleOk (D:\sunrise_connect\sunrise-connect\backend\node_modules\mongodb\lib\operations\insert.js:51:19)
    at executeOperationWithRetries (D:\sunrise_connect\sunrise-connect\backend\node_modules\mongodb\lib\operations\execute_operation.js:194:34)
    at process.processTicksAndRejections (node:internal/process/task_queues:105:5)
    at async executeOperation (D:\sunrise_connect\sunrise-connect\backend\node_modules\mongodb\lib\operations\execute_operation.js:83:16)
    at async Collection.insertOne (D:\sunrise_connect\sunrise-connect\backend\node_modules\mongodb\lib\collection.js:154:16)
    at async model.$__save (D:\sunrise_connect\sunrise-connect\backend\node_modules\mongoose\lib\model.js:433:16)
    at async maybeTracedSave (D:\sunrise_connect\sunrise-connect\backend\node_modules\mongoose\lib\model.js:674:7)
    at async D:\sunrise_connect\sunrise-connect\backend\node_modules\mongoose\lib\model.js:2831:9
    at async Promise.all (index 0)
    at async Function.create (D:\sunrise_connect\sunrise-connect\backend\node_modules\mongoose\lib\model.js:2816:11)
2026-06-16 23:05:17 error: MongoServerError: E11000 duplicate key error collection: test.students index: studentCode_1 dup key: { studentCode: null }
    at InsertOneOperation.handleOk (D:\sunrise_connect\sunrise-connect\backend\node_modules\mongodb\lib\operations\insert.js:51:19)
    at executeOperationWithRetries (D:\sunrise_connect\sunrise-connect\backend\node_modules\mongodb\lib\operations\execute_operation.js:194:34)
    at process.processTicksAndRejections (node:internal/process/task_queues:105:5)
    at async executeOperation (D:\sunrise_connect\sunrise-connect\backend\node_modules\mongodb\lib\operations\execute_operation.js:83:16)
    at async Collection.insertOne (D:\sunrise_connect\sunrise-connect\backend\node_modules\mongodb\lib\collection.js:154:16)
    at async model.$__save (D:\sunrise_connect\sunrise-connect\backend\node_modules\mongoose\lib\model.js:433:16)
    at async maybeTracedSave (D:\sunrise_connect\sunrise-connect\backend\node_modules\mongoose\lib\model.js:674:7)
    at async D:\sunrise_connect\sunrise-connect\backend\node_modules\mongoose\lib\model.js:2831:9
    at async Promise.all (index 0)
    at async Function.create (D:\sunrise_connect\sunrise-connect\backend\node_modules\mongoose\lib\model.js:2816:11)
2026-06-16 23:05:45 info: Server is running on port 3000 in development mode
2026-06-16 23:05:47 info: MongoDB connected
2026-06-16 23:06:03 info: GET /api/v1/students?limit=1000
2026-06-16 23:06:03 info: GET /api/v1/ledgers?limit=1000
2026-06-16 23:06:03 info: GET /api/v1/payments?limit=1000
2026-06-16 23:06:03 info: GET /api/v1/fee-structures
2026-06-16 23:06:03 info: GET /api/v1/payments?limit=1000
2026-06-16 23:06:03 info: GET /api/v1/fee-structures
2026-06-16 23:06:04 info: GET /api/v1/ledgers?limit=1000
2026-06-16 23:06:04 info: GET /api/v1/students?limit=1000
2026-06-16 23:06:56 info: POST /api/v1/students
2026-06-16 23:06:56 error: MongoServerError: E11000 duplicate key error collection: test.students index: studentCode_1 dup key: { studentCode: null }
    at InsertOneOperation.handleOk (D:\sunrise_connect\sunrise-connect\backend\node_modules\mongodb\lib\operations\insert.js:51:19)
    at executeOperationWithRetries (D:\sunrise_connect\sunrise-connect\backend\node_modules\mongodb\lib\operations\execute_operation.js:194:34)
    at process.processTicksAndRejections (node:internal/process/task_queues:105:5)
    at async executeOperation (D:\sunrise_connect\sunrise-connect\backend\node_modules\mongodb\lib\operations\execute_operation.js:83:16)
    at async Collection.insertOne (D:\sunrise_connect\sunrise-connect\backend\node_modules\mongodb\lib\collection.js:154:16)
    at async model.$__save (D:\sunrise_connect\sunrise-connect\backend\node_modules\mongoose\lib\model.js:433:16)
    at async maybeTracedSave (D:\sunrise_connect\sunrise-connect\backend\node_modules\mongoose\lib\model.js:674:7)
    at async D:\sunrise_connect\sunrise-connect\backend\node_modules\mongoose\lib\model.js:2831:9
    at async Promise.all (index 0)
    at async Function.create (D:\sunrise_connect\sunrise-connect\backend\node_modules\mongoose\lib\model.js:2816:11)
2026-06-16 23:06:56 error: MongoServerError: E11000 duplicate key error collection: test.students index: studentCode_1 dup key: { studentCode: null }
    at InsertOneOperation.handleOk (D:\sunrise_connect\sunrise-connect\backend\node_modules\mongodb\lib\operations\insert.js:51:19)
    at executeOperationWithRetries (D:\sunrise_connect\sunrise-connect\backend\node_modules\mongodb\lib\operations\execute_operation.js:194:34)
    at process.processTicksAndRejections (node:internal/process/task_queues:105:5)
    at async executeOperation (D:\sunrise_connect\sunrise-connect\backend\node_modules\mongodb\lib\operations\execute_operation.js:83:16)
    at async Collection.insertOne (D:\sunrise_connect\sunrise-connect\backend\node_modules\mongodb\lib\collection.js:154:16)
    at async model.$__save (D:\sunrise_connect\sunrise-connect\backend\node_modules\mongoose\lib\model.js:433:16)
    at async maybeTracedSave (D:\sunrise_connect\sunrise-connect\backend\node_modules\mongoose\lib\model.js:674:7)
    at async D:\sunrise_connect\sunrise-connect\backend\node_modules\mongoose\lib\model.js:2831:9
    at async Promise.all (index 0)
    at async Function.create (D:\sunrise_connect\sunrise-connect\backend\node_modules\mongoose\lib\model.js:2816:11)
2026-06-16 23:08:17 info: GET /api/v1/students?limit=1000
2026-06-16 23:08:17 info: GET /api/v1/ledgers?limit=1000
2026-06-16 23:08:17 info: GET /api/v1/payments?limit=1000
2026-06-16 23:08:17 info: GET /api/v1/fee-structures
2026-06-16 23:08:17 info: GET /api/v1/payments?limit=1000
2026-06-16 23:08:17 info: GET /api/v1/fee-structures
2026-06-16 23:08:17 info: GET /api/v1/students?limit=1000
2026-06-16 23:08:17 info: GET /api/v1/ledgers?limit=1000
2026-06-16 23:09:22 info: POST /api/v1/students
2026-06-16 23:09:23 info: GET /api/v1/students?limit=1000
2026-06-16 23:09:23 info: GET /api/v1/ledgers?limit=1000
2026-06-16 23:09:23 info: GET /api/v1/payments?limit=1000
2026-06-16 23:09:23 info: GET /api/v1/fee-structures
2026-06-16 23:09:49 info: POST /api/v1/students
2026-06-16 23:09:50 info: GET /api/v1/students?limit=1000
2026-06-16 23:09:50 info: GET /api/v1/ledgers?limit=1000
2026-06-16 23:09:50 info: GET /api/v1/payments?limit=1000
2026-06-16 23:09:50 info: GET /api/v1/fee-structures
2026-06-16 23:10:08 info: POST /api/v1/payments
2026-06-16 23:10:09 info: POST /api/v1/payments
2026-06-16 23:10:09 info: POST /api/v1/payments
2026-06-16 23:10:09 info: POST /api/v1/payments
2026-06-16 23:10:10 info: GET /api/v1/students?limit=1000
2026-06-16 23:10:10 info: GET /api/v1/ledgers?limit=1000
2026-06-16 23:10:10 info: GET /api/v1/fee-structures
2026-06-16 23:10:10 info: GET /api/v1/payments?limit=1000
