2026-06-11 03:50:57 error: MongoServerError: Caused by :: Unable to write to collection 'test.studentfeeledgers' due to catalog changes; please retry the operation :: Please retry your operation or multi-document transaction.
    at Connection.sendCommand (E:\Sunrise Connect\backend\node_modules\mongodb\src\cmap\connection.ts:561:17)
    at processTicksAndRejections (node:internal/process/task_queues:105:5)
    at Connection.command (E:\Sunrise Connect\backend\node_modules\mongodb\src\cmap\connection.ts:634:22)
    at Server.command (E:\Sunrise Connect\backend\node_modules\mongodb\src\sdam\server.ts:351:21)
    at executeOperationWithRetries (E:\Sunrise Connect\backend\node_modules\mongodb\src\operations\execute_operation.ts:266:24)
    at executeOperation (E:\Sunrise Connect\backend\node_modules\mongodb\src\operations\execute_operation.ts:127:12)
    at Collection.insertOne (E:\Sunrise Connect\backend\node_modules\mongodb\src\collection.ts:294:12)
    at model.$__save (E:\Sunrise Connect\backend\node_modules\mongoose\lib\model.js:433:16)
    at maybeTracedSave (E:\Sunrise Connect\backend\node_modules\mongoose\lib\model.js:674:7)
    at E:\Sunrise Connect\backend\node_modules\mongoose\lib\model.js:2831:9
    at async Promise.all (index 0)
    at Function.create (E:\Sunrise Connect\backend\node_modules\mongoose\lib\model.js:2816:11)
    at Object.create (E:\Sunrise Connect\backend\src\repositories\ledgerRepository.js:8:19)
    at Function.createLedger (E:\Sunrise Connect\backend\src\services\LedgerService.js:16:22)
    at Object.<anonymous> (E:\Sunrise Connect\backend\src\tests\LedgerService.test.js:39:22)
2026-06-11 03:50:57 error: MongoServerError: Caused by :: Unable to write to collection 'test.payments' due to catalog changes; please retry the operation :: Please retry your operation or multi-document transaction.
    at Connection.sendCommand (E:\Sunrise Connect\backend\node_modules\mongodb\src\cmap\connection.ts:561:17)
    at processTicksAndRejections (node:internal/process/task_queues:105:5)
    at Connection.command (E:\Sunrise Connect\backend\node_modules\mongodb\src\cmap\connection.ts:634:22)
    at Server.command (E:\Sunrise Connect\backend\node_modules\mongodb\src\sdam\server.ts:351:21)
    at executeOperationWithRetries (E:\Sunrise Connect\backend\node_modules\mongodb\src\operations\execute_operation.ts:266:24)
    at executeOperation (E:\Sunrise Connect\backend\node_modules\mongodb\src\operations\execute_operation.ts:127:12)
    at Collection.insertOne (E:\Sunrise Connect\backend\node_modules\mongodb\src\collection.ts:294:12)
    at model.$__save (E:\Sunrise Connect\backend\node_modules\mongoose\lib\model.js:433:16)
    at maybeTracedSave (E:\Sunrise Connect\backend\node_modules\mongoose\lib\model.js:674:7)
    at E:\Sunrise Connect\backend\node_modules\mongoose\lib\model.js:2831:9
    at async Promise.all (index 0)
    at Function.create (E:\Sunrise Connect\backend\node_modules\mongoose\lib\model.js:2816:11)
    at Object.create (E:\Sunrise Connect\backend\src\repositories\paymentRepository.js:8:19)
    at Function.createPayment (E:\Sunrise Connect\backend\src\services\PaymentService.js:28:23)
    at Object.<anonymous> (E:\Sunrise Connect\backend\src\tests\PaymentService.test.js:41:23)
2026-06-11 03:50:57 error: Error: Over‑payment not allowed
    at Function.createPayment (E:\Sunrise Connect\backend\src\services\PaymentService.js:25:32)
    at processTicksAndRejections (node:internal/process/task_queues:105:5)
    at Object.<anonymous> (E:\Sunrise Connect\backend\src\tests\PaymentService.test.js:53:7)
2026-06-11 03:50:57 error: MongoServerError: Unable to acquire IX lock on '{Collection : test.studentfeeledgers}' within 5ms. opId: 33806, op: conn6, connId: 6.
    at Connection.sendCommand (E:\Sunrise Connect\backend\node_modules\mongodb\src\cmap\connection.ts:561:17)
    at processTicksAndRejections (node:internal/process/task_queues:105:5)
    at Connection.command (E:\Sunrise Connect\backend\node_modules\mongodb\src\cmap\connection.ts:634:22)
    at Server.command (E:\Sunrise Connect\backend\node_modules\mongodb\src\sdam\server.ts:351:21)
    at executeOperationWithRetries (E:\Sunrise Connect\backend\node_modules\mongodb\src\operations\execute_operation.ts:266:24)
    at executeOperation (E:\Sunrise Connect\backend\node_modules\mongodb\src\operations\execute_operation.ts:127:12)
    at Collection.insertOne (E:\Sunrise Connect\backend\node_modules\mongodb\src\collection.ts:294:12)
    at model.$__save (E:\Sunrise Connect\backend\node_modules\mongoose\lib\model.js:433:16)
    at maybeTracedSave (E:\Sunrise Connect\backend\node_modules\mongoose\lib\model.js:674:7)
    at E:\Sunrise Connect\backend\node_modules\mongoose\lib\model.js:2831:9
    at async Promise.all (index 0)
    at Function.create (E:\Sunrise Connect\backend\node_modules\mongoose\lib\model.js:2816:11)
    at Object.create (E:\Sunrise Connect\backend\src\repositories\ledgerRepository.js:8:19)
    at Function.createLedger (E:\Sunrise Connect\backend\src\services\LedgerService.js:16:22)
    at Object.<anonymous> (E:\Sunrise Connect\backend\src\tests\LedgerService.test.js:59:22)
2026-06-11 03:50:57 error: MongoServerError: Caused by :: Unable to write to collection 'test.studentfeeledgers' due to catalog changes; please retry the operation :: Please retry your operation or multi-document transaction.
    at Connection.sendCommand (E:\Sunrise Connect\backend\node_modules\mongodb\src\cmap\connection.ts:561:17)
    at processTicksAndRejections (node:internal/process/task_queues:105:5)
    at Connection.command (E:\Sunrise Connect\backend\node_modules\mongodb\src\cmap\connection.ts:634:22)
    at Server.command (E:\Sunrise Connect\backend\node_modules\mongodb\src\sdam\server.ts:351:21)
    at executeOperationWithRetries (E:\Sunrise Connect\backend\node_modules\mongodb\src\operations\execute_operation.ts:266:24)
    at executeOperation (E:\Sunrise Connect\backend\node_modules\mongodb\src\operations\execute_operation.ts:127:12)
    at Collection.insertOne (E:\Sunrise Connect\backend\node_modules\mongodb\src\collection.ts:294:12)
    at model.$__save (E:\Sunrise Connect\backend\node_modules\mongoose\lib\model.js:433:16)
    at maybeTracedSave (E:\Sunrise Connect\backend\node_modules\mongoose\lib\model.js:674:7)
    at E:\Sunrise Connect\backend\node_modules\mongoose\lib\model.js:2831:9
    at async Promise.all (index 0)
    at Function.create (E:\Sunrise Connect\backend\node_modules\mongoose\lib\model.js:2816:11)
    at Object.create (E:\Sunrise Connect\backend\src\repositories\ledgerRepository.js:8:19)
    at Function.createLedger (E:\Sunrise Connect\backend\src\services\LedgerService.js:16:22)
    at Object.<anonymous> (E:\Sunrise Connect\backend\src\tests\LedgerService.test.js:65:22)
2026-06-11 03:50:57 error: MongoServerError: Caused by :: Unable to write to collection 'test.studentfeeledgers' due to catalog changes; please retry the operation :: Please retry your operation or multi-document transaction.
    at Connection.sendCommand (E:\Sunrise Connect\backend\node_modules\mongodb\src\cmap\connection.ts:561:17)
    at processTicksAndRejections (node:internal/process/task_queues:105:5)
    at Connection.command (E:\Sunrise Connect\backend\node_modules\mongodb\src\cmap\connection.ts:634:22)
    at Server.command (E:\Sunrise Connect\backend\node_modules\mongodb\src\sdam\server.ts:351:21)
    at executeOperationWithRetries (E:\Sunrise Connect\backend\node_modules\mongodb\src\operations\execute_operation.ts:266:24)
    at executeOperation (E:\Sunrise Connect\backend\node_modules\mongodb\src\operations\execute_operation.ts:127:12)
    at Collection.updateOne (E:\Sunrise Connect\backend\node_modules\mongodb\src\collection.ts:410:12)
    at maybeTracedQueryExec (E:\Sunrise Connect\backend\node_modules\mongoose\lib\query.js:4801:65)
    at Function.createPayment (E:\Sunrise Connect\backend\src\services\PaymentService.js:31:28)
    at Object.<anonymous> (E:\Sunrise Connect\backend\src\tests\PaymentService.test.js:67:23)
2026-06-11 03:50:57 error: Error: Payment not found
    at Function.reversePayment (E:\Sunrise Connect\backend\src\services\PaymentService.js:59:27)
    at processTicksAndRejections (node:internal/process/task_queues:105:5)
    at Object.<anonymous> (E:\Sunrise Connect\backend\src\tests\PaymentService.test.js:79:7)
2026-06-11 03:50:57 error: Error: Concession exceeds remaining amount
    at Function.applyConcession (E:\Sunrise Connect\backend\src\services\LedgerService.js:91:32)
    at processTicksAndRejections (node:internal/process/task_queues:105:5)
    at Object.<anonymous> (E:\Sunrise Connect\backend\src\tests\LedgerService.test.js:84:7)
2026-06-11 03:50:57 error: MongoServerError: Caused by :: Unable to write to collection 'test.studentfeeledgers' due to catalog changes; please retry the operation :: Please retry your operation or multi-document transaction.
    at Connection.sendCommand (E:\Sunrise Connect\backend\node_modules\mongodb\src\cmap\connection.ts:561:17)
    at processTicksAndRejections (node:internal/process/task_queues:105:5)
    at Connection.command (E:\Sunrise Connect\backend\node_modules\mongodb\src\cmap\connection.ts:634:22)
    at Server.command (E:\Sunrise Connect\backend\node_modules\mongodb\src\sdam\server.ts:351:21)
    at executeOperationWithRetries (E:\Sunrise Connect\backend\node_modules\mongodb\src\operations\execute_operation.ts:266:24)
    at executeOperation (E:\Sunrise Connect\backend\node_modules\mongodb\src\operations\execute_operation.ts:127:12)
    at Collection.insertOne (E:\Sunrise Connect\backend\node_modules\mongodb\src\collection.ts:294:12)
    at model.$__save (E:\Sunrise Connect\backend\node_modules\mongoose\lib\model.js:433:16)
    at maybeTracedSave (E:\Sunrise Connect\backend\node_modules\mongoose\lib\model.js:674:7)
    at E:\Sunrise Connect\backend\node_modules\mongoose\lib\model.js:2831:9
    at async Promise.all (index 0)
    at Function.create (E:\Sunrise Connect\backend\node_modules\mongoose\lib\model.js:2816:11)
    at Object.create (E:\Sunrise Connect\backend\src\repositories\ledgerRepository.js:8:19)
    at Function.createLedger (E:\Sunrise Connect\backend\src\services\LedgerService.js:16:22)
    at Object.<anonymous> (E:\Sunrise Connect\backend\src\tests\PaymentService.test.js:84:22)
2026-06-11 03:50:57 error: Error: Ledger not fully settled
    at Function.markAsPaid (E:\Sunrise Connect\backend\src\services\LedgerService.js:123:34)
    at processTicksAndRejections (node:internal/process/task_queues:105:5)
    at Object.<anonymous> (E:\Sunrise Connect\backend\src\tests\LedgerService.test.js:103:7)
2026-06-11 03:51:34 error: MongoServerError: Caused by :: Unable to write to collection 'test.studentfeeledgers' due to catalog changes; please retry the operation :: Please retry your operation or multi-document transaction.
    at Connection.sendCommand (E:\Sunrise Connect\backend\node_modules\mongodb\src\cmap\connection.ts:561:17)
    at processTicksAndRejections (node:internal/process/task_queues:105:5)
    at Connection.command (E:\Sunrise Connect\backend\node_modules\mongodb\src\cmap\connection.ts:634:22)
    at Server.command (E:\Sunrise Connect\backend\node_modules\mongodb\src\sdam\server.ts:351:21)
    at executeOperationWithRetries (E:\Sunrise Connect\backend\node_modules\mongodb\src\operations\execute_operation.ts:266:24)
    at executeOperation (E:\Sunrise Connect\backend\node_modules\mongodb\src\operations\execute_operation.ts:127:12)
    at Collection.updateOne (E:\Sunrise Connect\backend\node_modules\mongodb\src\collection.ts:410:12)
    at maybeTracedQueryExec (E:\Sunrise Connect\backend\node_modules\mongoose\lib\query.js:4801:65)
    at Function.createPayment (E:\Sunrise Connect\backend\src\services\PaymentService.js:31:28)
    at Object.<anonymous> (E:\Sunrise Connect\backend\src\tests\PaymentService.test.js:41:23)
2026-06-11 03:51:35 error: MongoServerError: Caused by :: Unable to write to collection 'test.studentfeeledgers' due to catalog changes; please retry the operation :: Please retry your operation or multi-document transaction.
    at Connection.sendCommand (E:\Sunrise Connect\backend\node_modules\mongodb\src\cmap\connection.ts:561:17)
    at processTicksAndRejections (node:internal/process/task_queues:105:5)
    at Connection.command (E:\Sunrise Connect\backend\node_modules\mongodb\src\cmap\connection.ts:634:22)
    at Server.command (E:\Sunrise Connect\backend\node_modules\mongodb\src\sdam\server.ts:351:21)
    at executeOperationWithRetries (E:\Sunrise Connect\backend\node_modules\mongodb\src\operations\execute_operation.ts:266:24)
    at executeOperation (E:\Sunrise Connect\backend\node_modules\mongodb\src\operations\execute_operation.ts:127:12)
    at Collection.updateOne (E:\Sunrise Connect\backend\node_modules\mongodb\src\collection.ts:410:12)
    at maybeTracedQueryExec (E:\Sunrise Connect\backend\node_modules\mongoose\lib\query.js:4801:65)
    at Function.addPayment (E:\Sunrise Connect\backend\src\services\LedgerService.js:58:22)
    at Object.<anonymous> (E:\Sunrise Connect\backend\src\tests\LedgerService.test.js:50:7)
2026-06-11 03:51:35 error: Error: Over‑payment not allowed
    at Function.createPayment (E:\Sunrise Connect\backend\src\services\PaymentService.js:25:32)
    at processTicksAndRejections (node:internal/process/task_queues:105:5)
    at Object.<anonymous> (E:\Sunrise Connect\backend\src\tests\PaymentService.test.js:53:7)
2026-06-11 03:51:35 error: Error: Over‑payment not allowed
    at Function.addPayment (E:\Sunrise Connect\backend\src\services\LedgerService.js:56:32)
    at processTicksAndRejections (node:internal/process/task_queues:105:5)
    at Object.<anonymous> (E:\Sunrise Connect\backend\src\tests\LedgerService.test.js:60:7)
2026-06-11 03:51:35 error: MongoServerError: Caused by :: Unable to write to collection 'test.studentfeeledgers' due to catalog changes; please retry the operation :: Please retry your operation or multi-document transaction.
    at Connection.sendCommand (E:\Sunrise Connect\backend\node_modules\mongodb\src\cmap\connection.ts:561:17)
    at processTicksAndRejections (node:internal/process/task_queues:105:5)
    at Connection.command (E:\Sunrise Connect\backend\node_modules\mongodb\src\cmap\connection.ts:634:22)
    at Server.command (E:\Sunrise Connect\backend\node_modules\mongodb\src\sdam\server.ts:351:21)
    at executeOperationWithRetries (E:\Sunrise Connect\backend\node_modules\mongodb\src\operations\execute_operation.ts:266:24)
    at executeOperation (E:\Sunrise Connect\backend\node_modules\mongodb\src\operations\execute_operation.ts:127:12)
    at Collection.insertOne (E:\Sunrise Connect\backend\node_modules\mongodb\src\collection.ts:294:12)
    at model.$__save (E:\Sunrise Connect\backend\node_modules\mongoose\lib\model.js:433:16)
    at maybeTracedSave (E:\Sunrise Connect\backend\node_modules\mongoose\lib\model.js:674:7)
    at E:\Sunrise Connect\backend\node_modules\mongoose\lib\model.js:2831:9
    at async Promise.all (index 0)
    at Function.create (E:\Sunrise Connect\backend\node_modules\mongoose\lib\model.js:2816:11)
    at Object.create (E:\Sunrise Connect\backend\src\repositories\ledgerRepository.js:8:19)
    at Function.createLedger (E:\Sunrise Connect\backend\src\services\LedgerService.js:16:22)
    at Object.<anonymous> (E:\Sunrise Connect\backend\src\tests\LedgerService.test.js:73:22)
2026-06-11 03:51:35 error: MongoServerError: Caused by :: Unable to write to collection 'test.studentfeeledgers' due to catalog changes; please retry the operation :: Please retry your operation or multi-document transaction.
    at Connection.sendCommand (E:\Sunrise Connect\backend\node_modules\mongodb\src\cmap\connection.ts:561:17)
    at processTicksAndRejections (node:internal/process/task_queues:105:5)
    at Connection.command (E:\Sunrise Connect\backend\node_modules\mongodb\src\cmap\connection.ts:634:22)
    at Server.command (E:\Sunrise Connect\backend\node_modules\mongodb\src\sdam\server.ts:351:21)
    at executeOperationWithRetries (E:\Sunrise Connect\backend\node_modules\mongodb\src\operations\execute_operation.ts:266:24)
    at executeOperation (E:\Sunrise Connect\backend\node_modules\mongodb\src\operations\execute_operation.ts:127:12)
    at Collection.updateOne (E:\Sunrise Connect\backend\node_modules\mongodb\src\collection.ts:410:12)
    at maybeTracedQueryExec (E:\Sunrise Connect\backend\node_modules\mongoose\lib\query.js:4801:65)
    at Function.reversePayment (E:\Sunrise Connect\backend\src\services\PaymentService.js:79:22)
    at Object.<anonymous> (E:\Sunrise Connect\backend\src\tests\PaymentService.test.js:68:24)
2026-06-11 03:51:35 error: Error: Concession exceeds remaining amount
    at Function.applyConcession (E:\Sunrise Connect\backend\src\services\LedgerService.js:91:32)
    at processTicksAndRejections (node:internal/process/task_queues:105:5)
    at Object.<anonymous> (E:\Sunrise Connect\backend\src\tests\LedgerService.test.js:84:7)
2026-06-11 03:51:35 error: Error: Payment not found
    at Function.reversePayment (E:\Sunrise Connect\backend\src\services\PaymentService.js:59:27)
    at processTicksAndRejections (node:internal/process/task_queues:105:5)
    at Object.<anonymous> (E:\Sunrise Connect\backend\src\tests\PaymentService.test.js:79:7)
2026-06-11 03:51:35 error: MongoServerError: Unable to acquire IX lock on '{Collection : test.studentfeeledgers}' within 5ms. opId: 39995, op: conn12, connId: 12.
    at Connection.sendCommand (E:\Sunrise Connect\backend\node_modules\mongodb\src\cmap\connection.ts:561:17)
    at processTicksAndRejections (node:internal/process/task_queues:105:5)
    at Connection.command (E:\Sunrise Connect\backend\node_modules\mongodb\src\cmap\connection.ts:634:22)
    at Server.command (E:\Sunrise Connect\backend\node_modules\mongodb\src\sdam\server.ts:351:21)
    at executeOperationWithRetries (E:\Sunrise Connect\backend\node_modules\mongodb\src\operations\execute_operation.ts:266:24)
    at executeOperation (E:\Sunrise Connect\backend\node_modules\mongodb\src\operations\execute_operation.ts:127:12)
    at FindCursor._initialize (E:\Sunrise Connect\backend\node_modules\mongodb\src\cursor\find_cursor.ts:92:22)
    at FindCursor.cursorInit (E:\Sunrise Connect\backend\node_modules\mongodb\src\cursor\abstract_cursor.ts:917:21)
    at FindCursor.fetchBatch (E:\Sunrise Connect\backend\node_modules\mongodb\src\cursor\abstract_cursor.ts:955:7)
    at FindCursor.next (E:\Sunrise Connect\backend\node_modules\mongodb\src\cursor\abstract_cursor.ts:573:9)
    at Collection.findOne (E:\Sunrise Connect\backend\node_modules\mongodb\src\collection.ts:552:20)
    at model.Query._findOne (E:\Sunrise Connect\backend\node_modules\mongoose\lib\query.js:2773:15)
    at maybeTracedQueryExec (E:\Sunrise Connect\backend\node_modules\mongoose\lib\query.js:4801:65)
    at Function.createPayment (E:\Sunrise Connect\backend\src\services\PaymentService.js:20:22)
    at Object.<anonymous> (E:\Sunrise Connect\backend\src\tests\PaymentService.test.js:85:23)
2026-06-11 03:51:35 error: Error: Ledger not fully settled
    at Function.markAsPaid (E:\Sunrise Connect\backend\src\services\LedgerService.js:123:34)
    at processTicksAndRejections (node:internal/process/task_queues:105:5)
    at Object.<anonymous> (E:\Sunrise Connect\backend\src\tests\LedgerService.test.js:103:7)
2026-06-11 03:52:37 error: MongoServerError: Caused by :: Unable to write to collection 'test.payments' due to catalog changes; please retry the operation :: Please retry your operation or multi-document transaction.
    at Connection.sendCommand (E:\Sunrise Connect\backend\node_modules\mongodb\src\cmap\connection.ts:561:17)
    at processTicksAndRejections (node:internal/process/task_queues:105:5)
    at Connection.command (E:\Sunrise Connect\backend\node_modules\mongodb\src\cmap\connection.ts:634:22)
    at Server.command (E:\Sunrise Connect\backend\node_modules\mongodb\src\sdam\server.ts:351:21)
    at executeOperationWithRetries (E:\Sunrise Connect\backend\node_modules\mongodb\src\operations\execute_operation.ts:266:24)
    at executeOperation (E:\Sunrise Connect\backend\node_modules\mongodb\src\operations\execute_operation.ts:127:12)
    at Collection.insertOne (E:\Sunrise Connect\backend\node_modules\mongodb\src\collection.ts:294:12)
    at model.$__save (E:\Sunrise Connect\backend\node_modules\mongoose\lib\model.js:433:16)
    at maybeTracedSave (E:\Sunrise Connect\backend\node_modules\mongoose\lib\model.js:674:7)
    at E:\Sunrise Connect\backend\node_modules\mongoose\lib\model.js:2831:9
    at async Promise.all (index 0)
    at Function.create (E:\Sunrise Connect\backend\node_modules\mongoose\lib\model.js:2816:11)
    at Object.create (E:\Sunrise Connect\backend\src\repositories\paymentRepository.js:8:19)
    at Function.createPayment (E:\Sunrise Connect\backend\src\services\PaymentService.js:28:23)
    at Object.<anonymous> (E:\Sunrise Connect\backend\src\tests\PaymentService.test.js:45:23)
2026-06-11 03:52:37 error: Error: Over‑payment not allowed
    at Function.createPayment (E:\Sunrise Connect\backend\src\services\PaymentService.js:25:32)
    at processTicksAndRejections (node:internal/process/task_queues:105:5)
    at Object.<anonymous> (E:\Sunrise Connect\backend\src\tests\PaymentService.test.js:57:7)
2026-06-11 03:52:38 error: MongoServerError: Unable to acquire IX lock on '{Collection : test.studentfeeledgers}' within 5ms. opId: 42010, op: conn14, connId: 14.
    at Connection.sendCommand (E:\Sunrise Connect\backend\node_modules\mongodb\src\cmap\connection.ts:561:17)
    at processTicksAndRejections (node:internal/process/task_queues:105:5)
    at Connection.command (E:\Sunrise Connect\backend\node_modules\mongodb\src\cmap\connection.ts:634:22)
    at Server.command (E:\Sunrise Connect\backend\node_modules\mongodb\src\sdam\server.ts:351:21)
    at executeOperationWithRetries (E:\Sunrise Connect\backend\node_modules\mongodb\src\operations\execute_operation.ts:266:24)
    at executeOperation (E:\Sunrise Connect\backend\node_modules\mongodb\src\operations\execute_operation.ts:127:12)
    at FindCursor._initialize (E:\Sunrise Connect\backend\node_modules\mongodb\src\cursor\find_cursor.ts:92:22)
    at FindCursor.cursorInit (E:\Sunrise Connect\backend\node_modules\mongodb\src\cursor\abstract_cursor.ts:917:21)
    at FindCursor.fetchBatch (E:\Sunrise Connect\backend\node_modules\mongodb\src\cursor\abstract_cursor.ts:955:7)
    at FindCursor.next (E:\Sunrise Connect\backend\node_modules\mongodb\src\cursor\abstract_cursor.ts:573:9)
    at Collection.findOne (E:\Sunrise Connect\backend\node_modules\mongodb\src\collection.ts:552:20)
    at model.Query._findOne (E:\Sunrise Connect\backend\node_modules\mongoose\lib\query.js:2773:15)
    at maybeTracedQueryExec (E:\Sunrise Connect\backend\node_modules\mongoose\lib\query.js:4801:65)
    at Function.addPayment (E:\Sunrise Connect\backend\src\services\LedgerService.js:51:22)
    at Object.<anonymous> (E:\Sunrise Connect\backend\src\tests\LedgerService.test.js:68:7)
2026-06-11 03:52:38 error: Error: Over‑payment not allowed
    at Function.addPayment (E:\Sunrise Connect\backend\src\services\LedgerService.js:56:32)
    at processTicksAndRejections (node:internal/process/task_queues:105:5)
    at Object.<anonymous> (E:\Sunrise Connect\backend\src\tests\LedgerService.test.js:78:7)
2026-06-11 03:52:38 error: Error: Payment not found
    at Function.reversePayment (E:\Sunrise Connect\backend\src\services\PaymentService.js:59:27)
    at processTicksAndRejections (node:internal/process/task_queues:105:5)
    at Object.<anonymous> (E:\Sunrise Connect\backend\src\tests\PaymentService.test.js:83:7)
2026-06-11 03:52:38 error: Error: Cannot reverse a reversal
    at Function.reversePayment (E:\Sunrise Connect\backend\src\services\PaymentService.js:60:37)
    at processTicksAndRejections (node:internal/process/task_queues:105:5)
    at Object.<anonymous> (E:\Sunrise Connect\backend\src\tests\PaymentService.test.js:91:7)
2026-06-11 03:52:38 error: Error: Concession exceeds remaining amount
    at Function.applyConcession (E:\Sunrise Connect\backend\src\services\LedgerService.js:91:32)
    at processTicksAndRejections (node:internal/process/task_queues:105:5)
    at Object.<anonymous> (E:\Sunrise Connect\backend\src\tests\LedgerService.test.js:102:7)
2026-06-11 03:52:38 error: Error: Ledger not fully settled
    at Function.markAsPaid (E:\Sunrise Connect\backend\src\services\LedgerService.js:123:34)
    at processTicksAndRejections (node:internal/process/task_queues:105:5)
    at Object.<anonymous> (E:\Sunrise Connect\backend\src\tests\LedgerService.test.js:121:7)
2026-06-11 03:53:00 error: MongoServerError: Unable to acquire IX lock on '{Collection : test.studentfeeledgers}' within 5ms. opId: 43011, op: conn15, connId: 15.
    at Connection.sendCommand (E:\Sunrise Connect\backend\node_modules\mongodb\src\cmap\connection.ts:561:17)
    at processTicksAndRejections (node:internal/process/task_queues:105:5)
    at Connection.command (E:\Sunrise Connect\backend\node_modules\mongodb\src\cmap\connection.ts:634:22)
    at Server.command (E:\Sunrise Connect\backend\node_modules\mongodb\src\sdam\server.ts:351:21)
    at executeOperationWithRetries (E:\Sunrise Connect\backend\node_modules\mongodb\src\operations\execute_operation.ts:266:24)
    at executeOperation (E:\Sunrise Connect\backend\node_modules\mongodb\src\operations\execute_operation.ts:127:12)
    at FindCursor._initialize (E:\Sunrise Connect\backend\node_modules\mongodb\src\cursor\find_cursor.ts:92:22)
    at FindCursor.cursorInit (E:\Sunrise Connect\backend\node_modules\mongodb\src\cursor\abstract_cursor.ts:917:21)
    at FindCursor.fetchBatch (E:\Sunrise Connect\backend\node_modules\mongodb\src\cursor\abstract_cursor.ts:955:7)
    at FindCursor.next (E:\Sunrise Connect\backend\node_modules\mongodb\src\cursor\abstract_cursor.ts:573:9)
    at Collection.findOne (E:\Sunrise Connect\backend\node_modules\mongodb\src\collection.ts:552:20)
    at model.Query._findOne (E:\Sunrise Connect\backend\node_modules\mongoose\lib\query.js:2773:15)
    at maybeTracedQueryExec (E:\Sunrise Connect\backend\node_modules\mongoose\lib\query.js:4801:65)
    at Function.createPayment (E:\Sunrise Connect\backend\src\services\PaymentService.js:20:22)
    at Object.<anonymous> (E:\Sunrise Connect\backend\src\tests\PaymentService.test.js:45:23)
2026-06-11 03:53:00 error: Error: Over‑payment not allowed
    at Function.createPayment (E:\Sunrise Connect\backend\src\services\PaymentService.js:25:32)
    at processTicksAndRejections (node:internal/process/task_queues:105:5)
    at Object.<anonymous> (E:\Sunrise Connect\backend\src\tests\PaymentService.test.js:57:7)
2026-06-11 03:53:00 error: MongoServerError: Caused by :: Unable to write to collection 'test.studentfeeledgers' due to catalog changes; please retry the operation :: Please retry your operation or multi-document transaction.
    at Connection.sendCommand (E:\Sunrise Connect\backend\node_modules\mongodb\src\cmap\connection.ts:561:17)
    at processTicksAndRejections (node:internal/process/task_queues:105:5)
    at Connection.command (E:\Sunrise Connect\backend\node_modules\mongodb\src\cmap\connection.ts:634:22)
    at Server.command (E:\Sunrise Connect\backend\node_modules\mongodb\src\sdam\server.ts:351:21)
    at executeOperationWithRetries (E:\Sunrise Connect\backend\node_modules\mongodb\src\operations\execute_operation.ts:266:24)
    at executeOperation (E:\Sunrise Connect\backend\node_modules\mongodb\src\operations\execute_operation.ts:127:12)
    at Collection.updateOne (E:\Sunrise Connect\backend\node_modules\mongodb\src\collection.ts:410:12)
    at maybeTracedQueryExec (E:\Sunrise Connect\backend\node_modules\mongoose\lib\query.js:4801:65)
    at Function.createPayment (E:\Sunrise Connect\backend\src\services\PaymentService.js:31:28)
    at Object.<anonymous> (E:\Sunrise Connect\backend\src\tests\PaymentService.test.js:71:23)
2026-06-11 03:53:00 error: Error: Payment not found
    at Function.reversePayment (E:\Sunrise Connect\backend\src\services\PaymentService.js:59:27)
    at processTicksAndRejections (node:internal/process/task_queues:105:5)
    at Object.<anonymous> (E:\Sunrise Connect\backend\src\tests\PaymentService.test.js:83:7)
2026-06-11 03:53:00 error: Error: Cannot reverse a reversal
    at Function.reversePayment (E:\Sunrise Connect\backend\src\services\PaymentService.js:60:37)
    at processTicksAndRejections (node:internal/process/task_queues:105:5)
    at Object.<anonymous> (E:\Sunrise Connect\backend\src\tests\PaymentService.test.js:91:7)
2026-06-11 03:53:02 error: MongoServerError: Unable to acquire IX lock on '{Collection : test.studentfeeledgers}' within 5ms. opId: 40986, op: conn13, connId: 13.
    at Connection.sendCommand (E:\Sunrise Connect\backend\node_modules\mongodb\src\cmap\connection.ts:561:17)
    at processTicksAndRejections (node:internal/process/task_queues:105:5)
    at Connection.command (E:\Sunrise Connect\backend\node_modules\mongodb\src\cmap\connection.ts:634:22)
    at Server.command (E:\Sunrise Connect\backend\node_modules\mongodb\src\sdam\server.ts:351:21)
    at executeOperationWithRetries (E:\Sunrise Connect\backend\node_modules\mongodb\src\operations\execute_operation.ts:266:24)
    at executeOperation (E:\Sunrise Connect\backend\node_modules\mongodb\src\operations\execute_operation.ts:127:12)
    at FindCursor._initialize (E:\Sunrise Connect\backend\node_modules\mongodb\src\cursor\find_cursor.ts:92:22)
    at FindCursor.cursorInit (E:\Sunrise Connect\backend\node_modules\mongodb\src\cursor\abstract_cursor.ts:917:21)
    at FindCursor.fetchBatch (E:\Sunrise Connect\backend\node_modules\mongodb\src\cursor\abstract_cursor.ts:955:7)
    at FindCursor.next (E:\Sunrise Connect\backend\node_modules\mongodb\src\cursor\abstract_cursor.ts:573:9)
    at Collection.findOne (E:\Sunrise Connect\backend\node_modules\mongodb\src\collection.ts:552:20)
    at model.Query._findOne (E:\Sunrise Connect\backend\node_modules\mongoose\lib\query.js:2773:15)
    at maybeTracedQueryExec (E:\Sunrise Connect\backend\node_modules\mongoose\lib\query.js:4801:65)
    at Function.addPayment (E:\Sunrise Connect\backend\src\services\LedgerService.js:51:22)
    at Object.<anonymous> (E:\Sunrise Connect\backend\src\tests\LedgerService.test.js:68:7)
2026-06-11 03:53:02 error: Error: Over‑payment not allowed
    at Function.addPayment (E:\Sunrise Connect\backend\src\services\LedgerService.js:56:32)
    at processTicksAndRejections (node:internal/process/task_queues:105:5)
    at Object.<anonymous> (E:\Sunrise Connect\backend\src\tests\LedgerService.test.js:78:7)
2026-06-11 03:53:02 error: MongoServerError: Unable to acquire IX lock on '{Collection : test.studentfeeledgers}' within 5ms. opId: 41023, op: conn13, connId: 13.
    at Connection.sendCommand (E:\Sunrise Connect\backend\node_modules\mongodb\src\cmap\connection.ts:561:17)
    at processTicksAndRejections (node:internal/process/task_queues:105:5)
    at Connection.command (E:\Sunrise Connect\backend\node_modules\mongodb\src\cmap\connection.ts:634:22)
    at Server.command (E:\Sunrise Connect\backend\node_modules\mongodb\src\sdam\server.ts:351:21)
    at executeOperationWithRetries (E:\Sunrise Connect\backend\node_modules\mongodb\src\operations\execute_operation.ts:266:24)
    at executeOperation (E:\Sunrise Connect\backend\node_modules\mongodb\src\operations\execute_operation.ts:127:12)
    at FindCursor._initialize (E:\Sunrise Connect\backend\node_modules\mongodb\src\cursor\find_cursor.ts:92:22)
    at FindCursor.cursorInit (E:\Sunrise Connect\backend\node_modules\mongodb\src\cursor\abstract_cursor.ts:917:21)
    at FindCursor.fetchBatch (E:\Sunrise Connect\backend\node_modules\mongodb\src\cursor\abstract_cursor.ts:955:7)
    at FindCursor.next (E:\Sunrise Connect\backend\node_modules\mongodb\src\cursor\abstract_cursor.ts:573:9)
    at Collection.findOne (E:\Sunrise Connect\backend\node_modules\mongodb\src\collection.ts:552:20)
    at model.Query._findOne (E:\Sunrise Connect\backend\node_modules\mongoose\lib\query.js:2773:15)
    at maybeTracedQueryExec (E:\Sunrise Connect\backend\node_modules\mongoose\lib\query.js:4801:65)
    at Function.applyConcession (E:\Sunrise Connect\backend\src\services\LedgerService.js:86:22)
    at Object.<anonymous> (E:\Sunrise Connect\backend\src\tests\LedgerService.test.js:102:7)
2026-06-11 03:53:02 error: Error: Ledger not fully settled
    at Function.markAsPaid (E:\Sunrise Connect\backend\src\services\LedgerService.js:123:34)
    at processTicksAndRejections (node:internal/process/task_queues:105:5)
    at Object.<anonymous> (E:\Sunrise Connect\backend\src\tests\LedgerService.test.js:121:7)
2026-06-11 03:55:39 error: Error: Over‑payment not allowed
    at Function.createPayment (E:\Sunrise Connect\backend\src\services\PaymentService.js:25:32)
    at processTicksAndRejections (node:internal/process/task_queues:105:5)
    at Object.<anonymous> (E:\Sunrise Connect\backend\src\tests\PaymentService.test.js:57:7)
2026-06-11 03:55:39 error: Error: Payment not found
    at Function.reversePayment (E:\Sunrise Connect\backend\src\services\PaymentService.js:59:27)
    at processTicksAndRejections (node:internal/process/task_queues:105:5)
    at Object.<anonymous> (E:\Sunrise Connect\backend\src\tests\PaymentService.test.js:83:7)
2026-06-11 03:55:39 error: Error: Cannot reverse a reversal
    at Function.reversePayment (E:\Sunrise Connect\backend\src\services\PaymentService.js:60:37)
    at processTicksAndRejections (node:internal/process/task_queues:105:5)
    at Object.<anonymous> (E:\Sunrise Connect\backend\src\tests\PaymentService.test.js:91:7)
2026-06-11 03:55:40 error: Error: Over‑payment not allowed
    at Function.addPayment (E:\Sunrise Connect\backend\src\services\LedgerService.js:56:32)
    at processTicksAndRejections (node:internal/process/task_queues:105:5)
    at Object.<anonymous> (E:\Sunrise Connect\backend\src\tests\LedgerService.test.js:78:7)
2026-06-11 03:55:40 error: Error: Concession exceeds remaining amount
    at Function.applyConcession (E:\Sunrise Connect\backend\src\services\LedgerService.js:91:32)
    at processTicksAndRejections (node:internal/process/task_queues:105:5)
    at Object.<anonymous> (E:\Sunrise Connect\backend\src\tests\LedgerService.test.js:102:7)
2026-06-11 03:55:40 error: Error: Ledger not fully settled
    at Function.markAsPaid (E:\Sunrise Connect\backend\src\services\LedgerService.js:123:34)
    at processTicksAndRejections (node:internal/process/task_queues:105:5)
    at Object.<anonymous> (E:\Sunrise Connect\backend\src\tests\LedgerService.test.js:121:7)
2026-06-11 12:02:13 error: Error: Over‑payment not allowed
    at Function.addPayment (E:\Sunrise Connect\backend\src\services\LedgerService.js:56:32)
    at processTicksAndRejections (node:internal/process/task_queues:105:5)
    at Object.<anonymous> (E:\Sunrise Connect\backend\src\tests\LedgerService.test.js:78:7)
2026-06-11 12:02:13 error: Error: Concession exceeds remaining amount
    at Function.applyConcession (E:\Sunrise Connect\backend\src\services\LedgerService.js:91:32)
    at processTicksAndRejections (node:internal/process/task_queues:105:5)
    at Object.<anonymous> (E:\Sunrise Connect\backend\src\tests\LedgerService.test.js:102:7)
2026-06-11 12:02:13 error: Error: Ledger not fully settled
    at Function.markAsPaid (E:\Sunrise Connect\backend\src\services\LedgerService.js:123:34)
    at processTicksAndRejections (node:internal/process/task_queues:105:5)
    at Object.<anonymous> (E:\Sunrise Connect\backend\src\tests\LedgerService.test.js:121:7)
2026-06-11 12:04:29 error: Error: Over‑payment not allowed
    at Function.createPayment (E:\Sunrise Connect\backend\src\services\PaymentService.js:25:32)
    at processTicksAndRejections (node:internal/process/task_queues:105:5)
    at Object.<anonymous> (E:\Sunrise Connect\backend\src\tests\PaymentService.test.js:57:7)
2026-06-11 12:04:29 error: Error: Payment not found
    at Function.reversePayment (E:\Sunrise Connect\backend\src\services\PaymentService.js:59:27)
    at processTicksAndRejections (node:internal/process/task_queues:105:5)
    at Object.<anonymous> (E:\Sunrise Connect\backend\src\tests\PaymentService.test.js:83:7)
2026-06-11 12:04:29 error: Error: Cannot reverse a reversal
    at Function.reversePayment (E:\Sunrise Connect\backend\src\services\PaymentService.js:60:37)
    at processTicksAndRejections (node:internal/process/task_queues:105:5)
    at Object.<anonymous> (E:\Sunrise Connect\backend\src\tests\PaymentService.test.js:91:7)
2026-06-11 12:04:36 error: Error: Over‑payment not allowed
    at Function.addPayment (E:\Sunrise Connect\backend\src\services\LedgerService.js:56:32)
    at processTicksAndRejections (node:internal/process/task_queues:105:5)
    at Object.<anonymous> (E:\Sunrise Connect\backend\src\tests\LedgerService.test.js:78:7)
2026-06-11 12:04:36 error: Error: Concession exceeds remaining amount
    at Function.applyConcession (E:\Sunrise Connect\backend\src\services\LedgerService.js:91:32)
    at processTicksAndRejections (node:internal/process/task_queues:105:5)
    at Object.<anonymous> (E:\Sunrise Connect\backend\src\tests\LedgerService.test.js:102:7)
2026-06-11 12:04:36 error: Error: Ledger not fully settled
    at Function.markAsPaid (E:\Sunrise Connect\backend\src\services\LedgerService.js:123:34)
    at processTicksAndRejections (node:internal/process/task_queues:105:5)
    at Object.<anonymous> (E:\Sunrise Connect\backend\src\tests\LedgerService.test.js:121:7)
2026-06-11 12:05:04 info: POST /api/v1/payments
2026-06-11 12:05:04 info: POST /api/v1/payments
2026-06-11 12:05:04 info: POST /api/v1/payments
2026-06-11 12:05:04 info: POST /api/v1/payments/pay1/reverse
2026-06-11 12:05:06 info: GET /api/v1/parents
2026-06-11 12:05:06 info: GET /api/v1/parents
2026-06-11 12:05:06 info: POST /api/v1/parents
2026-06-11 12:05:06 info: POST /api/v1/parents
2026-06-11 12:05:06 info: POST /api/v1/parents/reset-password
2026-06-11 12:05:07 info: POST /api/v1/auth/portal/login
2026-06-11 12:05:07 info: POST /api/v1/auth/portal/login
2026-06-11 12:05:07 info: POST /api/v1/auth/parent/verify
2026-06-11 12:05:07 info: POST /api/v1/auth/parent/verify
2026-06-11 12:05:07 info: POST /api/v1/auth/refresh
2026-06-11 12:05:07 info: POST /api/v1/auth/refresh
2026-06-11 12:05:07 info: POST /api/v1/auth/logout
2026-06-11 12:05:07 info: POST /api/v1/auth/logout-all
2026-06-11 12:05:09 error: Error: Over‑payment not allowed
    at Function.createPayment (E:\Sunrise Connect\backend\src\services\PaymentService.js:25:32)
    at processTicksAndRejections (node:internal/process/task_queues:105:5)
    at Object.<anonymous> (E:\Sunrise Connect\backend\src\tests\PaymentService.test.js:57:7)
2026-06-11 12:05:09 error: Error: Payment not found
    at Function.reversePayment (E:\Sunrise Connect\backend\src\services\PaymentService.js:59:27)
    at processTicksAndRejections (node:internal/process/task_queues:105:5)
    at Object.<anonymous> (E:\Sunrise Connect\backend\src\tests\PaymentService.test.js:83:7)
2026-06-11 12:05:09 error: Error: Cannot reverse a reversal
    at Function.reversePayment (E:\Sunrise Connect\backend\src\services\PaymentService.js:60:37)
    at processTicksAndRejections (node:internal/process/task_queues:105:5)
    at Object.<anonymous> (E:\Sunrise Connect\backend\src\tests\PaymentService.test.js:91:7)
2026-06-11 12:05:11 error: Error: Over‑payment not allowed
    at Function.addPayment (E:\Sunrise Connect\backend\src\services\LedgerService.js:56:32)
    at processTicksAndRejections (node:internal/process/task_queues:105:5)
    at Object.<anonymous> (E:\Sunrise Connect\backend\src\tests\LedgerService.test.js:78:7)
2026-06-11 12:05:11 error: Error: Concession exceeds remaining amount
    at Function.applyConcession (E:\Sunrise Connect\backend\src\services\LedgerService.js:91:32)
    at processTicksAndRejections (node:internal/process/task_queues:105:5)
    at Object.<anonymous> (E:\Sunrise Connect\backend\src\tests\LedgerService.test.js:102:7)
2026-06-11 12:05:11 error: Error: Ledger not fully settled
    at Function.markAsPaid (E:\Sunrise Connect\backend\src\services\LedgerService.js:123:34)
    at processTicksAndRejections (node:internal/process/task_queues:105:5)
    at Object.<anonymous> (E:\Sunrise Connect\backend\src\tests\LedgerService.test.js:121:7)
2026-06-11 12:08:10 info: POST /api/v1/payments
2026-06-11 12:08:10 info: POST /api/v1/payments
2026-06-11 12:08:10 info: POST /api/v1/payments
2026-06-11 12:08:10 info: POST /api/v1/payments
2026-06-11 12:08:10 info: POST /api/v1/payments
2026-06-11 12:08:10 info: POST /api/v1/payments
2026-06-11 12:08:10 info: POST /api/v1/payments/pay1/reverse
2026-06-11 12:08:10 info: POST /api/v1/payments/pay1/reverse
2026-06-11 12:08:10 info: GET /api/v1/payments
2026-06-11 12:08:12 info: GET /api/v1/parents
2026-06-11 12:08:12 info: GET /api/v1/parents
2026-06-11 12:08:12 info: POST /api/v1/parents
2026-06-11 12:08:12 info: POST /api/v1/parents
2026-06-11 12:08:12 info: POST /api/v1/parents
2026-06-11 12:08:12 info: GET /api/v1/parents
2026-06-11 12:08:12 info: GET /api/v1/parents/p1
2026-06-11 12:08:12 info: GET /api/v1/parents/p1
2026-06-11 12:08:12 info: POST /api/v1/parents/reset-password
2026-06-11 12:08:12 info: POST /api/v1/parents/reset-password
2026-06-11 12:08:13 info: POST /api/v1/auth/portal/login
2026-06-11 12:08:13 info: POST /api/v1/auth/portal/login
2026-06-11 12:08:13 info: POST /api/v1/auth/portal/login
2026-06-11 12:08:14 info: POST /api/v1/auth/portal/login
2026-06-11 12:08:14 info: POST /api/v1/auth/parent/verify
2026-06-11 12:08:14 info: POST /api/v1/auth/parent/verify
2026-06-11 12:08:14 info: POST /api/v1/auth/parent/verify
2026-06-11 12:08:14 info: POST /api/v1/auth/refresh
2026-06-11 12:08:14 info: POST /api/v1/auth/refresh
2026-06-11 12:08:14 info: POST /api/v1/auth/logout
2026-06-11 12:08:14 info: POST /api/v1/auth/logout-all
2026-06-11 12:08:18 error: Error: Over‑payment not allowed
    at Function.addPayment (E:\Sunrise Connect\backend\src\services\LedgerService.js:56:32)
    at processTicksAndRejections (node:internal/process/task_queues:105:5)
    at Object.<anonymous> (E:\Sunrise Connect\backend\src\tests\LedgerService.test.js:78:7)
2026-06-11 12:08:18 error: Error: Concession exceeds remaining amount
    at Function.applyConcession (E:\Sunrise Connect\backend\src\services\LedgerService.js:91:32)
    at processTicksAndRejections (node:internal/process/task_queues:105:5)
    at Object.<anonymous> (E:\Sunrise Connect\backend\src\tests\LedgerService.test.js:102:7)
2026-06-11 12:08:18 error: Error: Ledger not fully settled
    at Function.markAsPaid (E:\Sunrise Connect\backend\src\services\LedgerService.js:123:34)
    at processTicksAndRejections (node:internal/process/task_queues:105:5)
    at Object.<anonymous> (E:\Sunrise Connect\backend\src\tests\LedgerService.test.js:121:7)
2026-06-11 12:08:20 error: Error: Over‑payment not allowed
    at Function.createPayment (E:\Sunrise Connect\backend\src\services\PaymentService.js:25:32)
    at processTicksAndRejections (node:internal/process/task_queues:105:5)
    at Object.<anonymous> (E:\Sunrise Connect\backend\src\tests\PaymentService.test.js:57:7)
2026-06-11 12:08:20 error: Error: Payment not found
    at Function.reversePayment (E:\Sunrise Connect\backend\src\services\PaymentService.js:59:27)
    at processTicksAndRejections (node:internal/process/task_queues:105:5)
    at Object.<anonymous> (E:\Sunrise Connect\backend\src\tests\PaymentService.test.js:83:7)
2026-06-11 12:08:20 error: Error: Cannot reverse a reversal
    at Function.reversePayment (E:\Sunrise Connect\backend\src\services\PaymentService.js:60:37)
    at processTicksAndRejections (node:internal/process/task_queues:105:5)
    at Object.<anonymous> (E:\Sunrise Connect\backend\src\tests\PaymentService.test.js:91:7)
2026-06-11 12:12:34 info: GET /api/v1/parents
2026-06-11 12:12:56 info: GET /api/v1/parents
2026-06-11 12:14:51 info: GET /api/v1/parents
2026-06-11 12:15:44 info: POST /api/v1/payments
2026-06-11 12:15:44 info: POST /api/v1/payments
2026-06-11 12:15:44 info: POST /api/v1/payments
2026-06-11 12:15:44 info: POST /api/v1/payments
2026-06-11 12:15:44 info: POST /api/v1/payments
2026-06-11 12:15:44 info: POST /api/v1/payments
2026-06-11 12:15:44 info: POST /api/v1/payments/pay1/reverse
2026-06-11 12:15:44 info: POST /api/v1/payments/pay1/reverse
2026-06-11 12:15:44 info: GET /api/v1/payments
2026-06-11 12:15:46 info: GET /api/v1/parents
2026-06-11 12:15:46 info: GET /api/v1/parents
2026-06-11 12:15:46 info: POST /api/v1/parents
2026-06-11 12:15:46 info: POST /api/v1/parents
2026-06-11 12:15:46 info: POST /api/v1/parents
2026-06-11 12:15:46 info: GET /api/v1/parents
2026-06-11 12:15:46 info: GET /api/v1/parents/p1
2026-06-11 12:15:46 info: GET /api/v1/parents/p1
2026-06-11 12:15:46 info: POST /api/v1/parents/reset-password
2026-06-11 12:15:46 info: POST /api/v1/parents/reset-password
2026-06-11 12:15:48 error: Error: Over‑payment not allowed
    at Function.addPayment (E:\Sunrise Connect\backend\src\services\LedgerService.js:56:32)
    at processTicksAndRejections (node:internal/process/task_queues:105:5)
    at Object.<anonymous> (E:\Sunrise Connect\backend\src\tests\LedgerService.test.js:78:7)
2026-06-11 12:15:48 error: Error: Concession exceeds remaining amount
    at Function.applyConcession (E:\Sunrise Connect\backend\src\services\LedgerService.js:91:32)
    at processTicksAndRejections (node:internal/process/task_queues:105:5)
    at Object.<anonymous> (E:\Sunrise Connect\backend\src\tests\LedgerService.test.js:102:7)
2026-06-11 12:15:48 error: Error: Ledger not fully settled
    at Function.markAsPaid (E:\Sunrise Connect\backend\src\services\LedgerService.js:123:34)
    at processTicksAndRejections (node:internal/process/task_queues:105:5)
    at Object.<anonymous> (E:\Sunrise Connect\backend\src\tests\LedgerService.test.js:121:7)
2026-06-11 12:15:52 error: Error: Over‑payment not allowed
    at Function.createPayment (E:\Sunrise Connect\backend\src\services\PaymentService.js:25:32)
    at processTicksAndRejections (node:internal/process/task_queues:105:5)
    at Object.<anonymous> (E:\Sunrise Connect\backend\src\tests\PaymentService.test.js:57:7)
2026-06-11 12:15:52 error: Error: Payment not found
    at Function.reversePayment (E:\Sunrise Connect\backend\src\services\PaymentService.js:59:27)
    at processTicksAndRejections (node:internal/process/task_queues:105:5)
    at Object.<anonymous> (E:\Sunrise Connect\backend\src\tests\PaymentService.test.js:83:7)
2026-06-11 12:15:52 error: Error: Cannot reverse a reversal
    at Function.reversePayment (E:\Sunrise Connect\backend\src\services\PaymentService.js:60:37)
    at processTicksAndRejections (node:internal/process/task_queues:105:5)
    at Object.<anonymous> (E:\Sunrise Connect\backend\src\tests\PaymentService.test.js:91:7)
2026-06-11 12:15:54 info: POST /api/v1/auth/portal/login
2026-06-11 12:15:54 info: POST /api/v1/auth/portal/login
2026-06-11 12:15:54 info: POST /api/v1/auth/portal/login
2026-06-11 12:15:54 info: POST /api/v1/auth/portal/login
2026-06-11 12:15:54 info: POST /api/v1/auth/parent/verify
2026-06-11 12:15:54 info: POST /api/v1/auth/parent/verify
2026-06-11 12:15:54 info: POST /api/v1/auth/parent/verify
2026-06-11 12:15:54 info: POST /api/v1/auth/refresh
2026-06-11 12:15:54 info: POST /api/v1/auth/refresh
2026-06-11 12:15:54 info: POST /api/v1/auth/logout
2026-06-11 12:15:54 info: POST /api/v1/auth/logout-all
2026-06-11 12:18:28 info: GET /api/v1/students
2026-06-11 12:18:28 info: GET /api/v1/students
2026-06-11 12:18:28 info: POST /api/v1/students
2026-06-11 12:18:28 info: POST /api/v1/students
2026-06-11 12:18:28 info: GET /api/v1/students
2026-06-11 12:18:30 info: GET /api/v1/ledgers
2026-06-11 12:18:30 info: POST /api/v1/ledgers/ledger123/concession
2026-06-11 12:18:30 info: POST /api/v1/ledgers/ledger123/concession
2026-06-11 12:18:30 info: GET /api/v1/ledgers
2026-06-11 12:18:33 info: POST /api/v1/migration/parents
2026-06-11 12:18:33 info: POST /api/v1/migration/parents
2026-06-11 12:18:36 info: POST /api/v1/payments
2026-06-11 12:18:36 info: POST /api/v1/payments
2026-06-11 12:18:36 info: POST /api/v1/payments
2026-06-11 12:18:36 info: POST /api/v1/payments
2026-06-11 12:18:36 info: POST /api/v1/payments
2026-06-11 12:18:36 info: POST /api/v1/payments
2026-06-11 12:18:36 info: POST /api/v1/payments/pay1/reverse
2026-06-11 12:18:36 info: POST /api/v1/payments/pay1/reverse
2026-06-11 12:18:36 info: GET /api/v1/payments
2026-06-11 12:18:38 error: Error: Over‑payment not allowed
    at Function.createPayment (E:\Sunrise Connect\backend\src\services\PaymentService.js:25:32)
    at processTicksAndRejections (node:internal/process/task_queues:105:5)
    at Object.<anonymous> (E:\Sunrise Connect\backend\src\tests\PaymentService.test.js:57:7)
2026-06-11 12:18:38 error: Error: Payment not found
    at Function.reversePayment (E:\Sunrise Connect\backend\src\services\PaymentService.js:59:27)
    at processTicksAndRejections (node:internal/process/task_queues:105:5)
    at Object.<anonymous> (E:\Sunrise Connect\backend\src\tests\PaymentService.test.js:83:7)
2026-06-11 12:18:38 error: Error: Cannot reverse a reversal
    at Function.reversePayment (E:\Sunrise Connect\backend\src\services\PaymentService.js:60:37)
    at processTicksAndRejections (node:internal/process/task_queues:105:5)
    at Object.<anonymous> (E:\Sunrise Connect\backend\src\tests\PaymentService.test.js:91:7)
2026-06-11 12:18:42 error: Error: Over‑payment not allowed
    at Function.addPayment (E:\Sunrise Connect\backend\src\services\LedgerService.js:56:32)
    at processTicksAndRejections (node:internal/process/task_queues:105:5)
    at Object.<anonymous> (E:\Sunrise Connect\backend\src\tests\LedgerService.test.js:78:7)
2026-06-11 12:18:42 error: Error: Concession exceeds remaining amount
    at Function.applyConcession (E:\Sunrise Connect\backend\src\services\LedgerService.js:91:32)
    at processTicksAndRejections (node:internal/process/task_queues:105:5)
    at Object.<anonymous> (E:\Sunrise Connect\backend\src\tests\LedgerService.test.js:102:7)
2026-06-11 12:18:43 error: Error: Ledger not fully settled
    at Function.markAsPaid (E:\Sunrise Connect\backend\src\services\LedgerService.js:123:34)
    at processTicksAndRejections (node:internal/process/task_queues:105:5)
    at Object.<anonymous> (E:\Sunrise Connect\backend\src\tests\LedgerService.test.js:121:7)
2026-06-11 12:18:45 info: GET /api/v1/parents
2026-06-11 12:18:46 info: GET /api/v1/parents
2026-06-11 12:18:46 info: POST /api/v1/parents
2026-06-11 12:18:46 info: POST /api/v1/parents
2026-06-11 12:18:46 info: POST /api/v1/parents
2026-06-11 12:18:46 info: GET /api/v1/parents
2026-06-11 12:18:46 info: GET /api/v1/parents/p1
2026-06-11 12:18:46 info: GET /api/v1/parents/p1
2026-06-11 12:18:46 info: POST /api/v1/parents/reset-password
2026-06-11 12:18:46 info: POST /api/v1/parents/reset-password
2026-06-11 12:18:47 info: POST /api/v1/auth/portal/login
2026-06-11 12:18:47 info: POST /api/v1/auth/portal/login
2026-06-11 12:18:47 info: POST /api/v1/auth/portal/login
2026-06-11 12:18:47 info: POST /api/v1/auth/portal/login
2026-06-11 12:18:47 info: POST /api/v1/auth/parent/verify
2026-06-11 12:18:47 info: POST /api/v1/auth/parent/verify
2026-06-11 12:18:47 info: POST /api/v1/auth/parent/verify
2026-06-11 12:18:47 info: POST /api/v1/auth/refresh
2026-06-11 12:18:47 info: POST /api/v1/auth/refresh
2026-06-11 12:18:47 info: POST /api/v1/auth/logout
2026-06-11 12:18:47 info: POST /api/v1/auth/logout-all
2026-06-11 12:22:51 info: GET /api/v1/dashboard/system
2026-06-11 12:22:51 info: GET /api/v1/dashboard/system
2026-06-11 12:22:51 info: GET /api/v1/dashboard/parent/testuser
2026-06-11 12:22:53 info: GET /api/v1/audit
2026-06-11 12:22:53 info: GET /api/v1/audit
2026-06-11 12:22:54 info: GET /api/v1/students
2026-06-11 12:22:54 info: GET /api/v1/students
2026-06-11 12:22:54 info: POST /api/v1/students
2026-06-11 12:22:54 info: POST /api/v1/students
2026-06-11 12:22:54 info: GET /api/v1/students
2026-06-11 12:22:56 error: Error: Over‑payment not allowed
    at Function.createPayment (E:\Sunrise Connect\backend\src\services\PaymentService.js:25:32)
    at processTicksAndRejections (node:internal/process/task_queues:105:5)
    at Object.<anonymous> (E:\Sunrise Connect\backend\src\tests\PaymentService.test.js:57:7)
2026-06-11 12:22:56 error: Error: Payment not found
    at Function.reversePayment (E:\Sunrise Connect\backend\src\services\PaymentService.js:59:27)
    at processTicksAndRejections (node:internal/process/task_queues:105:5)
    at Object.<anonymous> (E:\Sunrise Connect\backend\src\tests\PaymentService.test.js:83:7)
2026-06-11 12:22:56 error: Error: Cannot reverse a reversal
    at Function.reversePayment (E:\Sunrise Connect\backend\src\services\PaymentService.js:60:37)
    at processTicksAndRejections (node:internal/process/task_queues:105:5)
    at Object.<anonymous> (E:\Sunrise Connect\backend\src\tests\PaymentService.test.js:91:7)
2026-06-11 12:22:58 error: Error: Over‑payment not allowed
    at Function.addPayment (E:\Sunrise Connect\backend\src\services\LedgerService.js:56:32)
    at processTicksAndRejections (node:internal/process/task_queues:105:5)
    at Object.<anonymous> (E:\Sunrise Connect\backend\src\tests\LedgerService.test.js:78:7)
2026-06-11 12:22:58 error: Error: Concession exceeds remaining amount
    at Function.applyConcession (E:\Sunrise Connect\backend\src\services\LedgerService.js:91:32)
    at processTicksAndRejections (node:internal/process/task_queues:105:5)
    at Object.<anonymous> (E:\Sunrise Connect\backend\src\tests\LedgerService.test.js:102:7)
2026-06-11 12:22:58 error: Error: Ledger not fully settled
    at Function.markAsPaid (E:\Sunrise Connect\backend\src\services\LedgerService.js:123:34)
    at processTicksAndRejections (node:internal/process/task_queues:105:5)
    at Object.<anonymous> (E:\Sunrise Connect\backend\src\tests\LedgerService.test.js:121:7)
2026-06-11 12:23:02 info: POST /api/v1/auth/portal/login
2026-06-11 12:23:02 info: POST /api/v1/auth/portal/login
2026-06-11 12:23:02 info: POST /api/v1/auth/portal/login
2026-06-11 12:23:02 info: POST /api/v1/auth/portal/login
2026-06-11 12:23:02 info: POST /api/v1/auth/parent/verify
2026-06-11 12:23:02 info: POST /api/v1/auth/parent/verify
2026-06-11 12:23:02 info: POST /api/v1/auth/parent/verify
2026-06-11 12:23:02 info: POST /api/v1/auth/refresh
2026-06-11 12:23:02 info: POST /api/v1/auth/refresh
2026-06-11 12:23:02 info: POST /api/v1/auth/logout
2026-06-11 12:23:02 info: POST /api/v1/auth/logout-all
2026-06-11 12:23:04 info: POST /api/v1/payments
2026-06-11 12:23:04 info: POST /api/v1/payments
2026-06-11 12:23:04 info: POST /api/v1/payments
2026-06-11 12:23:04 info: POST /api/v1/payments
2026-06-11 12:23:04 info: POST /api/v1/payments
2026-06-11 12:23:04 info: POST /api/v1/payments
2026-06-11 12:23:04 info: POST /api/v1/payments/pay1/reverse
2026-06-11 12:23:04 info: POST /api/v1/payments/pay1/reverse
2026-06-11 12:23:04 info: GET /api/v1/payments
2026-06-11 12:23:06 info: GET /api/v1/parents
2026-06-11 12:23:06 info: GET /api/v1/parents
2026-06-11 12:23:06 info: POST /api/v1/parents
2026-06-11 12:23:06 info: POST /api/v1/parents
2026-06-11 12:23:06 info: POST /api/v1/parents
2026-06-11 12:23:06 info: GET /api/v1/parents
2026-06-11 12:23:06 info: GET /api/v1/parents/p1
2026-06-11 12:23:06 info: GET /api/v1/parents/p1
2026-06-11 12:23:06 info: POST /api/v1/parents/reset-password
2026-06-11 12:23:06 info: POST /api/v1/parents/reset-password
2026-06-11 12:23:07 info: POST /api/v1/migration/parents
2026-06-11 12:23:07 info: POST /api/v1/migration/parents
2026-06-11 12:23:09 info: GET /api/v1/ledgers
2026-06-11 12:23:09 info: POST /api/v1/ledgers/ledger123/concession
2026-06-11 12:23:09 info: POST /api/v1/ledgers/ledger123/concession
2026-06-11 12:23:09 info: GET /api/v1/ledgers
2026-06-11 12:54:09 info: Server is running on port 3000 in development mode
2026-06-11 12:54:39 error: MongooseServerSelectionError: connect ECONNREFUSED ::1:27017, connect ECONNREFUSED 127.0.0.1:27017
    at _handleConnectionErrors (E:\Sunrise Connect\backend\node_modules\mongoose\lib\connection.js:1180:11)
    at NativeConnection.openUri (E:\Sunrise Connect\backend\node_modules\mongoose\lib\connection.js:1111:11)
    at async connectDB (file:///E:/Sunrise%20Connect/backend/src/config/db.js:12:5)
2026-06-11 12:55:12 info: Server is running on port 3000 in development mode
